#
# A fatal error has been detected by the Java Runtime Environment:
#
#  EXCEPTION_ACCESS_VIOLATION (0xc0000005) at pc=0x00007ff9707aad64, pid=9356, tid=14904
#
# JRE version: OpenJDK Runtime Environment Temurin-21.0.6+7 (21.0.6+7) (build 21.0.6+7-LTS)
# Java VM: OpenJDK 64-Bit Server VM Temurin-21.0.6+7 (21.0.6+7-LTS, mixed mode, sharing, tiered, compressed oops, compressed class ptrs, parallel gc, windows-amd64)
# Problematic frame:
# V  [jvm.dll+0x5fad64]
#
# No core dump will be written. Minidumps are not enabled by default on client versions of Windows
#
# If you would like to submit a bug report, please visit:
#   https://github.com/adoptium/adoptium-support/issues
#

---------------  S U M M A R Y ------------

Command Line: --add-opens=java.base/java.lang=ALL-UNNAMED --add-opens=java.base/java.lang.invoke=ALL-UNNAMED --add-opens=java.base/java.util=ALL-UNNAMED --add-opens=java.prefs/java.util.prefs=ALL-UNNAMED --add-exports=jdk.compiler/com.sun.tools.javac.api=ALL-UNNAMED --add-exports=jdk.compiler/com.sun.tools.javac.util=ALL-UNNAMED --add-opens=java.base/java.util=ALL-UNNAMED --add-opens=java.prefs/java.util.prefs=ALL-UNNAMED --add-opens=java.base/java.nio.charset=ALL-UNNAMED --add-opens=java.base/java.net=ALL-UNNAMED --add-opens=java.base/java.util.concurrent.atomic=ALL-UNNAMED --add-opens=java.xml/javax.xml.namespace=ALL-UNNAMED -XX:+HeapDumpOnOutOfMemoryError -XX:+UseParallelGC -XX:MaxMetaspaceSize=1g -Xmx4g -Dfile.encoding=UTF-8 -Duser.country=RU -Duser.language=ru -Duser.variant -javaagent:D:\dop_instrumenty\android_studio\.gradle\wrapper\dists\gradle-8.11.1-bin\bpt9gzteqjrbo1mjrsomdt32c\gradle-8.11.1\lib\agents\gradle-instrumentation-agent-8.11.1.jar org.gradle.launcher.daemon.bootstrap.GradleDaemon 8.11.1

Host: Intel(R) Core(TM) i5-8300H CPU @ 2.30GHz, 8 cores, 23G,  Windows 11 , 64 bit Build 22000 (10.0.22000.2600)
Time: Wed Jul  2 12:51:47 2025 RTZ 4 (s 11 , 64 bit Build 22000 (10.0.22000.2600) elapsed time: 86.547853 seconds (0d 0h 1m 26s)

---------------  T H R E A D  ---------------

Current thread (0x00000260018bd700):  JavaThread "C2 CompilerThread1" daemon [_thread_in_native, id=14904, stack(0x000000f0c4b00000,0x000000f0c4c00000) (1024K)]


Current CompileTask:
C2:86547 20919       4       org.gradle.internal.classpath.types.ExternalPluginsInstrumentationTypeRegistry::computeAndCacheInstrumentedSuperTypes (39 bytes)

Stack: [0x000000f0c4b00000,0x000000f0c4c00000],  sp=0x000000f0c4bfbd10,  free space=1007k
Native frames: (J=compiled Java code, j=interpreted, Vv=VM code, C=native code)
V  [jvm.dll+0x5fad64]
V  [jvm.dll+0x5f93b4]
V  [jvm.dll+0x5f7dcb]
V  [jvm.dll+0x5f7baa]
V  [jvm.dll+0x5f6d08]
V  [jvm.dll+0x250bb2]
V  [jvm.dll+0x24965f]
V  [jvm.dll+0x246ec4]
V  [jvm.dll+0x1c75ee]
V  [jvm.dll+0x25685a]
V  [jvm.dll+0x254dfa]
V  [jvm.dll+0x3f0256]
V  [jvm.dll+0x851f8b]
V  [jvm.dll+0x6cc5ed]
C  [ucrtbase.dll+0x26c0c]
C  [KERNEL32.DLL+0x153e0]
C  [ntdll.dll+0x485b]


siginfo: EXCEPTION_ACCESS_VIOLATION (0xc0000005), reading address 0x000002606da20620


Registers:
RAX=0x0000026007732a50, RBX=0x000002606da20618, RCX=0x000000000000048b, RDX=0x0000026007734ea8
RSP=0x000000f0c4bfbd10, RBP=0x000000000000048b, RSI=0x000000f0c4bfc248, RDI=0x0000026016290618
R8 =0x0000026007738680, R9 =0x00000260162904e8, R10=0x000000000000048d, R11=0x000000f0c4bfbb70
R12=0x0000000000000084, R13=0x0000026016291028, R14=0x000000f0c4bfc1a0, R15=0x0000000000000084
RIP=0x00007ff9707aad64, EFLAGS=0x0000000000010283

XMM[0]=0x0000000000000000 0x0000000000000000
XMM[1]=0x00000260042199b0 0x0000026004219a00
XMM[2]=0x0000026004218fc0 0x0000026004219010
XMM[3]=0x0000000000000000 0x000000023e082000
XMM[4]=0x0000000000000000 0x0000000000000000
XMM[5]=0x0000000000000000 0x0000000000000000
XMM[6]=0x0000000000000000 0x0000000000000000
XMM[7]=0x0000000000000000 0x0000000000000000
XMM[8]=0x0000000000000000 0x0000000000000000
XMM[9]=0x0000000000000000 0x0000000000000000
XMM[10]=0x0000000000000000 0x0000000000000000
XMM[11]=0x0000000000000000 0x0000000000000000
XMM[12]=0x0000000000000000 0x0000000000000000
XMM[13]=0x0000000000000000 0x0000000000000000
XMM[14]=0x0000000000000000 0x0000000000000000
XMM[15]=0x0000000000000000 0x0000000000000000
  MXCSR=0x00001fa0


Register to memory mapping:

RAX=0x0000026007732a50 points into unknown readable memory: 0x0000000000000000 | 00 00 00 00 00 00 00 00
RBX=0x000002606da20618 is an unknown value
RCX=0x000000000000048b is an unknown value
RDX=0x0000026007734ea8 points into unknown readable memory: 0x0000026016290618 | 18 06 29 16 60 02 00 00
RSP=0x000000f0c4bfbd10 is pointing into the stack for thread: 0x00000260018bd700
RBP=0x000000000000048b is an unknown value
RSI=0x000000f0c4bfc248 is pointing into the stack for thread: 0x00000260018bd700
RDI=0x0000026016290618 points into unknown readable memory: 0x00007ff970be5888 | 88 58 be 70 f9 7f 00 00
R8 =0x0000026007738680 points into unknown readable memory: 0x0000026016290618 | 18 06 29 16 60 02 00 00
R9 =0x00000260162904e8 points into unknown readable memory: 0x00007ff970bad9a8 | a8 d9 ba 70 f9 7f 00 00
R10=0x000000000000048d is an unknown value
R11=0x000000f0c4bfbb70 is pointing into the stack for thread: 0x00000260018bd700
R12=0x0000000000000084 is an unknown value
R13=0x0000026016291028 points into unknown readable memory: 0x00007ff970b96250 | 50 62 b9 70 f9 7f 00 00
R14=0x000000f0c4bfc1a0 is pointing into the stack for thread: 0x00000260018bd700
R15=0x0000000000000084 is an unknown value

Top of Stack: (sp=0x000000f0c4bfbd10)
0x000000f0c4bfbd10:   00000260055c5b00 0000000000000016
0x000000f0c4bfbd20:   0000026000000200 00000260055c5300
0x000000f0c4bfbd30:   00000260162904e8 000000f0c4bfc1a0
0x000000f0c4bfbd40:   0000000000000000 00000260162931f0
0x000000f0c4bfbd50:   0000000000000003 00007ff9707a93b4
0x000000f0c4bfbd60:   0000026016292b10 000000000000048d
0x000000f0c4bfbd70:   0000026016290988 0000026016290400
0x000000f0c4bfbd80:   0000000000000001 00000260162904e8
0x000000f0c4bfbd90:   0000000000000007 0000026015dfd1f0
0x000000f0c4bfbda0:   000000f0c4bfbec0 00000260162904e8
0x000000f0c4bfbdb0:   000000f0c4bfc1a0 00007ff9707a7dcb
0x000000f0c4bfbdc0:   000000000000000d 0000026016293218
0x000000f0c4bfbdd0:   0000026015dfd1f0 00000260056909c8
0x000000f0c4bfbde0:   00000260162904e8 0000000000000007
0x000000f0c4bfbdf0:   000000f0c4bfbee0 000000f0c4bfc1a0
0x000000f0c4bfbe00:   0000026016292e98 00007ff9707a7baa
0x000000f0c4bfbe10:   000000000000000d 0000000000000200
0x000000f0c4bfbe20:   000000f0c4bfbec0 000000f0c4bfbea0
0x000000f0c4bfbe30:   0000026022de3680 0000000000000000
0x000000f0c4bfbe40:   000000f0c4bfbf70 00000260005eef00
0x000000f0c4bfbe50:   0000000000000000 000000f0c4bfc1a0
0x000000f0c4bfbe60:   00000260040ec148 00007ff9707a6d08
0x000000f0c4bfbe70:   000000f0c4bfc1a0 0000000000000001
0x000000f0c4bfbe80:   000000f000000007 000000f0c4bfbee0
0x000000f0c4bfbe90:   00000260000003ff 00000000000007ff
0x000000f0c4bfbea0:   0000026001705d60 0000000000000400
0x000000f0c4bfbeb0:   0000026016039a30 0000026000000304
0x000000f0c4bfbec0:   0000026000000200 00000260068848c0
0x000000f0c4bfbed0:   0000000100000200 0000026001705d60
0x000000f0c4bfbee0:   0000026007194090 000002600719de80
0x000000f0c4bfbef0:   0000026007193f90 0000026001705d60
0x000000f0c4bfbf00:   0000026001705d60 0000000000000004 

Instructions: (pc=0x00007ff9707aad64)
0x00007ff9707aac64:   3b 6e 04 7c 0f 8b d5 48 8b ce e8 8d 62 ad ff 4c
0x00007ff9707aac74:   8b 54 24 58 48 63 0e 48 8b d5 48 3b cd 7d 1d 45
0x00007ff9707aac84:   33 c0 66 66 0f 1f 84 00 00 00 00 00 48 8b 46 08
0x00007ff9707aac94:   4c 89 04 c8 48 ff c1 48 3b ca 7c f0 8d 45 01 89
0x00007ff9707aaca4:   06 eb 03 48 8b d5 48 8b 46 08 4c 89 14 d0 8b 4f
0x00007ff9707aacb4:   28 49 8b 86 c8 00 00 00 48 8b 3c c8 4c 8d 04 c8
0x00007ff9707aacc4:   48 8b 47 08 48 83 38 00 0f 85 55 ff ff ff 41 8b
0x00007ff9707aacd4:   56 20 8b 47 28 3b c2 73 0c 8b c8 49 8b 46 28 48
0x00007ff9707aace4:   8b 3c c8 eb 02 33 ff 48 83 e7 fe 48 8b 47 08 48
0x00007ff9707aacf4:   83 38 00 74 dd e9 29 ff ff ff 48 63 6b 28 3b 2e
0x00007ff9707aad04:   7c 41 3b 6e 04 7c 0f 8b d5 48 8b ce e8 eb 61 ad
0x00007ff9707aad14:   ff 4c 8b 54 24 58 48 63 0e 48 8b d5 48 3b cd 7d
0x00007ff9707aad24:   1b 45 33 c0 0f 1f 84 00 00 00 00 00 48 8b 46 08
0x00007ff9707aad34:   4c 89 04 c8 48 ff c1 48 3b ca 7c f0 8d 45 01 89
0x00007ff9707aad44:   06 eb 03 48 8b d5 48 8b 46 08 4c 89 14 d0 8b 4b
0x00007ff9707aad54:   28 49 8b 86 c8 00 00 00 48 8b 1c c8 48 8d 14 c8
0x00007ff9707aad64:   48 8b 43 08 48 83 38 00 75 25 41 8b 4e 20 8b 43
0x00007ff9707aad74:   28 3b c1 73 0a 49 8b 5e 28 48 8b 1c c3 eb 02 33
0x00007ff9707aad84:   db 48 83 e3 fe 48 8b 43 08 48 83 38 00 74 df 48
0x00007ff9707aad94:   89 1a 48 85 db 0f 84 0e 01 00 00 48 63 6b 28 41
0x00007ff9707aada4:   8b 8e c4 00 00 00 3b e9 0f 83 1b 01 00 00 49 8b
0x00007ff9707aadb4:   96 d0 00 00 00 8b c5 44 8b 04 82 45 3b c4 0f 85
0x00007ff9707aadc4:   a4 00 00 00 49 3b dd 0f 84 b7 00 00 00 3b 2e 7c
0x00007ff9707aadd4:   42 3b 6e 04 7c 0f 8b d5 48 8b ce e8 1c 61 ad ff
0x00007ff9707aade4:   4c 8b 54 24 58 48 63 0e 48 8b d5 48 3b cd 7d 1c
0x00007ff9707aadf4:   45 33 c0 66 0f 1f 84 00 00 00 00 00 48 8b 46 08
0x00007ff9707aae04:   4c 89 04 c8 48 ff c1 48 3b ca 7c f0 8d 45 01 89
0x00007ff9707aae14:   06 eb 03 48 8b d5 48 8b 46 08 4c 89 14 d0 8b 4b
0x00007ff9707aae24:   28 49 8b 86 c8 00 00 00 48 8b 1c c8 48 8d 14 c8
0x00007ff9707aae34:   48 8b 43 08 48 83 38 00 0f 85 51 ff ff ff 41 8b
0x00007ff9707aae44:   4e 20 8b 43 28 3b c1 73 0a 49 8b 5e 28 48 8b 1c
0x00007ff9707aae54:   c3 eb 02 33 db 48 83 e3 fe 48 8b 43 08 48 83 38 


Stack slot to memory mapping:

stack at sp + 0 slots: 0x00000260055c5b00 points into unknown readable memory: 0x0000026004246e80 | 80 6e 24 04 60 02 00 00
stack at sp + 1 slots: 0x0000000000000016 is an unknown value
stack at sp + 2 slots: 0x0000026000000200 points into unknown readable memory: 0x0202074e0202074c | 4c 07 02 02 4e 07 02 02
stack at sp + 3 slots: 0x00000260055c5300 points into unknown readable memory: 0x0000000000000000 | 00 00 00 00 00 00 00 00
stack at sp + 4 slots: 0x00000260162904e8 points into unknown readable memory: 0x00007ff970bad9a8 | a8 d9 ba 70 f9 7f 00 00
stack at sp + 5 slots: 0x000000f0c4bfc1a0 is pointing into the stack for thread: 0x00000260018bd700
stack at sp + 6 slots: 0x0 is null
stack at sp + 7 slots: 0x00000260162931f0 points into unknown readable memory: 0x0000026016290988 | 88 09 29 16 60 02 00 00


---------------  P R O C E S S  ---------------

Threads class SMR info:
_java_thread_list=0x00000260039d6110, length=115, elements={
0x0000026022de6820, 0x000002604368ee00, 0x000002604368fdc0, 0x0000026043692f20,
0x0000026043693e30, 0x0000026043695f50, 0x0000026043698be0, 0x000002604369e9e0,
0x000002604369f620, 0x0000026022e4cce0, 0x000002607a30d5f0, 0x000002607fe080a0,
0x000002607ac80970, 0x000002607f5bd970, 0x000002607a5a0220, 0x000002607a5a0880,
0x000002607acae9a0, 0x000002607acaf410, 0x000002607acab2e0, 0x000002607acd72d0,
0x000002607acd6c40, 0x000002607acd7960, 0x000002607acd44e0, 0x000002607acd5f20,
0x000002607acd4b70, 0x000002607acd5200, 0x000002607acd5890, 0x000002600447c820,
0x0000026004478d10, 0x000002600447ade0, 0x000002600447b470, 0x000002600447c190,
0x0000026003d83fd0, 0x0000026005ac2cd0, 0x0000026005ac3360, 0x0000026005ac8220,
0x0000026005ac4710, 0x0000026005ac1290, 0x000002600435eda0, 0x000002600435b290,
0x000002600435c640, 0x000002600435ccd0, 0x000002600435ac00, 0x000002600435e080,
0x0000026004359ee0, 0x00000260043607e0, 0x000002600435b920, 0x0000026004361500,
0x0000026004360e70, 0x000002600435f430, 0x000002600435fac0, 0x0000026004360150,
0x000002600435a570, 0x000002600435d360, 0x000002600435d9f0, 0x000002600435e710,
0x00000260008604d0, 0x0000026000864670, 0x00000260008632c0, 0x0000026000861880,
0x0000026000863950, 0x00000260008625a0, 0x0000026000862c30, 0x0000026000863fe0,
0x0000026000861f10, 0x000002600085e400, 0x0000026000864d00, 0x0000026000860b60,
0x000002600085dd70, 0x000002600085ea90, 0x000002600085f7b0, 0x000002600085fe40,
0x0000026005804700, 0x0000026005805ab0, 0x00000260058074f0, 0x0000026005804d90,
0x00000260058088a0, 0x0000026005805420, 0x00000260058039e0, 0x0000026005806140,
0x0000026005802cc0, 0x0000026005806e60, 0x0000026005807b80, 0x0000026005804070,
0x00000260058067d0, 0x0000026005808210, 0x0000026005808f30, 0x0000026005803350,
0x0000026005801fa0, 0x00000260058095c0, 0x0000026005802630, 0x0000026006218cb0,
0x0000026006219340, 0x0000026006214480, 0x0000026006213760, 0x00000260062199d0,
0x0000026006216550, 0x0000026006214b10, 0x0000026006215830, 0x0000026006212a40,
0x0000026006217900, 0x0000026006215ec0, 0x000002600621a060, 0x00000260062130d0,
0x0000026006213df0, 0x0000026006217f90, 0x0000026006218620, 0x0000026006216be0,
0x00000260062151a0, 0x0000026006217270, 0x00000260038a1c60, 0x00000260038a36a0,
0x00000260038a3010, 0x00000260018bd700, 0x00000260018bffe0
}

Java Threads: ( => current thread )
  0x0000026022de6820 JavaThread "main"                              [_thread_blocked, id=16984, stack(0x000000f0bd100000,0x000000f0bd200000) (1024K)]
  0x000002604368ee00 JavaThread "Reference Handler"          daemon [_thread_blocked, id=12196, stack(0x000000f0bd500000,0x000000f0bd600000) (1024K)]
  0x000002604368fdc0 JavaThread "Finalizer"                  daemon [_thread_blocked, id=7416, stack(0x000000f0bd600000,0x000000f0bd700000) (1024K)]
  0x0000026043692f20 JavaThread "Signal Dispatcher"          daemon [_thread_blocked, id=17168, stack(0x000000f0bd700000,0x000000f0bd800000) (1024K)]
  0x0000026043693e30 JavaThread "Attach Listener"            daemon [_thread_blocked, id=11548, stack(0x000000f0bd800000,0x000000f0bd900000) (1024K)]
  0x0000026043695f50 JavaThread "Service Thread"             daemon [_thread_blocked, id=17308, stack(0x000000f0bd900000,0x000000f0bda00000) (1024K)]
  0x0000026043698be0 JavaThread "Monitor Deflation Thread"   daemon [_thread_blocked, id=12224, stack(0x000000f0bda00000,0x000000f0bdb00000) (1024K)]
  0x000002604369e9e0 JavaThread "C2 CompilerThread0"         daemon [_thread_in_native, id=3656, stack(0x000000f0bdb00000,0x000000f0bdc00000) (1024K)]
  0x000002604369f620 JavaThread "C1 CompilerThread0"         daemon [_thread_blocked, id=13268, stack(0x000000f0bdc00000,0x000000f0bdd00000) (1024K)]
  0x0000026022e4cce0 JavaThread "Common-Cleaner"             daemon [_thread_blocked, id=5116, stack(0x000000f0bdd00000,0x000000f0bde00000) (1024K)]
  0x000002607a30d5f0 JavaThread "Notification Thread"        daemon [_thread_blocked, id=1128, stack(0x000000f0bde00000,0x000000f0bdf00000) (1024K)]
  0x000002607fe080a0 JavaThread "Daemon health stats"               [_thread_blocked, id=16488, stack(0x000000f0bdf00000,0x000000f0be000000) (1024K)]
  0x000002607ac80970 JavaThread "Incoming local TCP Connector on port 52281"        [_thread_in_native, id=13544, stack(0x000000f0be800000,0x000000f0be900000) (1024K)]
  0x000002607f5bd970 JavaThread "Daemon periodic checks"            [_thread_blocked, id=4408, stack(0x000000f0be700000,0x000000f0be800000) (1024K)]
  0x000002607a5a0220 JavaThread "Daemon"                            [_thread_blocked, id=16804, stack(0x000000f0be900000,0x000000f0bea00000) (1024K)]
  0x000002607a5a0880 JavaThread "Handler for socket connection from /127.0.0.1:52281 to /127.0.0.1:52282"        [_thread_in_native, id=8012, stack(0x000000f0bea00000,0x000000f0beb00000) (1024K)]
  0x000002607acae9a0 JavaThread "Cancel handler"                    [_thread_blocked, id=15384, stack(0x000000f0beb00000,0x000000f0bec00000) (1024K)]
  0x000002607acaf410 JavaThread "Daemon worker"                     [_thread_in_Java, id=12552, stack(0x000000f0bec00000,0x000000f0bed00000) (1024K)]
  0x000002607acab2e0 JavaThread "Asynchronous log dispatcher for DefaultDaemonConnection: socket connection from /127.0.0.1:52281 to /127.0.0.1:52282"        [_thread_blocked, id=2620, stack(0x000000f0bed00000,0x000000f0bee00000) (1024K)]
  0x000002607acd72d0 JavaThread "Stdin handler"                     [_thread_blocked, id=6164, stack(0x000000f0bee00000,0x000000f0bef00000) (1024K)]
  0x000002607acd6c40 JavaThread "Daemon client event forwarder"        [_thread_blocked, id=3664, stack(0x000000f0bef00000,0x000000f0bf000000) (1024K)]
  0x000002607acd7960 JavaThread "Cache worker for journal cache (D:\dop_instrumenty\android_studio\.gradle\caches\journal-1)"        [_thread_blocked, id=6968, stack(0x000000f0bf000000,0x000000f0bf100000) (1024K)]
  0x000002607acd44e0 JavaThread "File lock request listener"        [_thread_in_native, id=9168, stack(0x000000f0bf100000,0x000000f0bf200000) (1024K)]
  0x000002607acd5f20 JavaThread "Cache worker for file hash cache (D:\dop_instrumenty\android_studio\.gradle\caches\8.11.1\fileHashes)"        [_thread_blocked, id=17284, stack(0x000000f0bf200000,0x000000f0bf300000) (1024K)]
  0x000002607acd4b70 JavaThread "Cache worker for file content cache (D:\dop_instrumenty\android_studio\.gradle\caches\8.11.1\fileContent)"        [_thread_blocked, id=17016, stack(0x000000f0bf400000,0x000000f0bf500000) (1024K)]
  0x000002607acd5200 JavaThread "Cache worker for file hash cache (D:\programming\GIt\gitlab\RuEGE\mobile\.gradle\8.11.1\fileHashes)"        [_thread_blocked, id=9508, stack(0x000000f0bf600000,0x000000f0bf700000) (1024K)]
  0x000002607acd5890 JavaThread "Cache worker for Build Output Cleanup Cache (D:\programming\GIt\gitlab\RuEGE\mobile\.gradle\buildOutputCleanup)"        [_thread_blocked, id=8256, stack(0x000000f0bf500000,0x000000f0bf600000) (1024K)]
  0x000002600447c820 JavaThread "File watcher server"        daemon [_thread_in_native, id=2024, stack(0x000000f0bf300000,0x000000f0bf400000) (1024K)]
  0x0000026004478d10 JavaThread "File watcher consumer"      daemon [_thread_blocked, id=13276, stack(0x000000f0bf700000,0x000000f0bf800000) (1024K)]
  0x000002600447ade0 JavaThread "Cache worker for checksums cache (D:\programming\GIt\gitlab\RuEGE\mobile\.gradle\8.11.1\checksums)"        [_thread_blocked, id=14504, stack(0x000000f0bf800000,0x000000f0bf900000) (1024K)]
  0x000002600447b470 JavaThread "Cache worker for cache directory md-rule (D:\dop_instrumenty\android_studio\.gradle\caches\8.11.1\md-rule)"        [_thread_blocked, id=16332, stack(0x000000f0bf900000,0x000000f0bfa00000) (1024K)]
  0x000002600447c190 JavaThread "Cache worker for cache directory md-supplier (D:\dop_instrumenty\android_studio\.gradle\caches\8.11.1\md-supplier)"        [_thread_blocked, id=1832, stack(0x000000f0bfa00000,0x000000f0bfb00000) (1024K)]
  0x0000026003d83fd0 JavaThread "Kotlin DSL Writer"                 [_thread_blocked, id=9752, stack(0x000000f0bfb00000,0x000000f0bfc00000) (1024K)]
  0x0000026005ac2cd0 JavaThread "Unconstrained build operations"        [_thread_blocked, id=11060, stack(0x000000f0bce00000,0x000000f0bcf00000) (1024K)]
  0x0000026005ac3360 JavaThread "Unconstrained build operations Thread 2"        [_thread_blocked, id=4976, stack(0x000000f0bd000000,0x000000f0bd100000) (1024K)]
  0x0000026005ac8220 JavaThread "Unconstrained build operations Thread 3"        [_thread_blocked, id=6556, stack(0x000000f0bfc00000,0x000000f0bfd00000) (1024K)]
  0x0000026005ac4710 JavaThread "Unconstrained build operations Thread 4"        [_thread_blocked, id=12604, stack(0x000000f0bfd00000,0x000000f0bfe00000) (1024K)]
  0x0000026005ac1290 JavaThread "Unconstrained build operations Thread 5"        [_thread_blocked, id=17056, stack(0x000000f0bff00000,0x000000f0c0000000) (1024K)]
  0x000002600435eda0 JavaThread "Unconstrained build operations Thread 6"        [_thread_blocked, id=2884, stack(0x000000f0c0000000,0x000000f0c0100000) (1024K)]
  0x000002600435b290 JavaThread "Unconstrained build operations Thread 7"        [_thread_blocked, id=10504, stack(0x000000f0c0200000,0x000000f0c0300000) (1024K)]
  0x000002600435c640 JavaThread "Unconstrained build operations Thread 8"        [_thread_blocked, id=16828, stack(0x000000f0c0300000,0x000000f0c0400000) (1024K)]
  0x000002600435ccd0 JavaThread "Unconstrained build operations Thread 9"        [_thread_blocked, id=10500, stack(0x000000f0c0400000,0x000000f0c0500000) (1024K)]
  0x000002600435ac00 JavaThread "Unconstrained build operations Thread 10"        [_thread_blocked, id=3276, stack(0x000000f0c0500000,0x000000f0c0600000) (1024K)]
  0x000002600435e080 JavaThread "Unconstrained build operations Thread 11"        [_thread_blocked, id=12500, stack(0x000000f0c0600000,0x000000f0c0700000) (1024K)]
  0x0000026004359ee0 JavaThread "Unconstrained build operations Thread 12"        [_thread_blocked, id=6204, stack(0x000000f0c0700000,0x000000f0c0800000) (1024K)]
  0x00000260043607e0 JavaThread "Unconstrained build operations Thread 13"        [_thread_blocked, id=3848, stack(0x000000f0c0800000,0x000000f0c0900000) (1024K)]
  0x000002600435b920 JavaThread "Unconstrained build operations Thread 14"        [_thread_blocked, id=9744, stack(0x000000f0c0900000,0x000000f0c0a00000) (1024K)]
  0x0000026004361500 JavaThread "Unconstrained build operations Thread 15"        [_thread_blocked, id=15540, stack(0x000000f0c0a00000,0x000000f0c0b00000) (1024K)]
  0x0000026004360e70 JavaThread "Unconstrained build operations Thread 16"        [_thread_blocked, id=15380, stack(0x000000f0c0b00000,0x000000f0c0c00000) (1024K)]
  0x000002600435f430 JavaThread "Unconstrained build operations Thread 17"        [_thread_blocked, id=3424, stack(0x000000f0c0100000,0x000000f0c0200000) (1024K)]
  0x000002600435fac0 JavaThread "Unconstrained build operations Thread 18"        [_thread_blocked, id=11876, stack(0x000000f0c0c00000,0x000000f0c0d00000) (1024K)]
  0x0000026004360150 JavaThread "Unconstrained build operations Thread 19"        [_thread_blocked, id=3600, stack(0x000000f0c0d00000,0x000000f0c0e00000) (1024K)]
  0x000002600435a570 JavaThread "Unconstrained build operations Thread 20"        [_thread_blocked, id=7448, stack(0x000000f0c0e00000,0x000000f0c0f00000) (1024K)]
  0x000002600435d360 JavaThread "Unconstrained build operations Thread 21"        [_thread_blocked, id=16200, stack(0x000000f0c0f00000,0x000000f0c1000000) (1024K)]
  0x000002600435d9f0 JavaThread "Unconstrained build operations Thread 22"        [_thread_blocked, id=10324, stack(0x000000f0c1000000,0x000000f0c1100000) (1024K)]
  0x000002600435e710 JavaThread "Unconstrained build operations Thread 23"        [_thread_blocked, id=16796, stack(0x000000f0c1100000,0x000000f0c1200000) (1024K)]
  0x00000260008604d0 JavaThread "Unconstrained build operations Thread 24"        [_thread_blocked, id=16944, stack(0x000000f0c1200000,0x000000f0c1300000) (1024K)]
  0x0000026000864670 JavaThread "Unconstrained build operations Thread 25"        [_thread_blocked, id=7988, stack(0x000000f0c1300000,0x000000f0c1400000) (1024K)]
  0x00000260008632c0 JavaThread "Unconstrained build operations Thread 26"        [_thread_blocked, id=15596, stack(0x000000f0c1400000,0x000000f0c1500000) (1024K)]
  0x0000026000861880 JavaThread "Unconstrained build operations Thread 27"        [_thread_blocked, id=17300, stack(0x000000f0c1500000,0x000000f0c1600000) (1024K)]
  0x0000026000863950 JavaThread "Unconstrained build operations Thread 28"        [_thread_in_native, id=16872, stack(0x000000f0c1600000,0x000000f0c1700000) (1024K)]
  0x00000260008625a0 JavaThread "Unconstrained build operations Thread 29"        [_thread_in_native, id=10516, stack(0x000000f0c1700000,0x000000f0c1800000) (1024K)]
  0x0000026000862c30 JavaThread "Unconstrained build operations Thread 30"        [_thread_in_Java, id=17400, stack(0x000000f0c1800000,0x000000f0c1900000) (1024K)]
  0x0000026000863fe0 JavaThread "Unconstrained build operations Thread 31"        [_thread_in_Java, id=6800, stack(0x000000f0c1900000,0x000000f0c1a00000) (1024K)]
  0x0000026000861f10 JavaThread "Unconstrained build operations Thread 32"        [_thread_blocked, id=7620, stack(0x000000f0c1a00000,0x000000f0c1b00000) (1024K)]
  0x000002600085e400 JavaThread "Unconstrained build operations Thread 33"        [_thread_in_native, id=17020, stack(0x000000f0c1b00000,0x000000f0c1c00000) (1024K)]
  0x0000026000864d00 JavaThread "Unconstrained build operations Thread 34"        [_thread_in_Java, id=16216, stack(0x000000f0c1c00000,0x000000f0c1d00000) (1024K)]
  0x0000026000860b60 JavaThread "Unconstrained build operations Thread 35"        [_thread_blocked, id=12520, stack(0x000000f0c1d00000,0x000000f0c1e00000) (1024K)]
  0x000002600085dd70 JavaThread "Unconstrained build operations Thread 36"        [_thread_blocked, id=8072, stack(0x000000f0c1e00000,0x000000f0c1f00000) (1024K)]
  0x000002600085ea90 JavaThread "Unconstrained build operations Thread 37"        [_thread_blocked, id=10988, stack(0x000000f0c1f00000,0x000000f0c2000000) (1024K)]
  0x000002600085f7b0 JavaThread "Unconstrained build operations Thread 38"        [_thread_blocked, id=5796, stack(0x000000f0c2000000,0x000000f0c2100000) (1024K)]
  0x000002600085fe40 JavaThread "Unconstrained build operations Thread 39"        [_thread_blocked, id=12112, stack(0x000000f0c2100000,0x000000f0c2200000) (1024K)]
  0x0000026005804700 JavaThread "Unconstrained build operations Thread 40"        [_thread_blocked, id=13468, stack(0x000000f0c2200000,0x000000f0c2300000) (1024K)]
  0x0000026005805ab0 JavaThread "Unconstrained build operations Thread 41"        [_thread_blocked, id=14916, stack(0x000000f0c2300000,0x000000f0c2400000) (1024K)]
  0x00000260058074f0 JavaThread "Unconstrained build operations Thread 42"        [_thread_blocked, id=7492, stack(0x000000f0c2400000,0x000000f0c2500000) (1024K)]
  0x0000026005804d90 JavaThread "Unconstrained build operations Thread 43"        [_thread_blocked, id=13280, stack(0x000000f0c2500000,0x000000f0c2600000) (1024K)]
  0x00000260058088a0 JavaThread "Unconstrained build operations Thread 44"        [_thread_blocked, id=14264, stack(0x000000f0c2600000,0x000000f0c2700000) (1024K)]
  0x0000026005805420 JavaThread "Unconstrained build operations Thread 45"        [_thread_blocked, id=1704, stack(0x000000f0c2700000,0x000000f0c2800000) (1024K)]
  0x00000260058039e0 JavaThread "Unconstrained build operations Thread 46"        [_thread_blocked, id=15612, stack(0x000000f0c2800000,0x000000f0c2900000) (1024K)]
  0x0000026005806140 JavaThread "Unconstrained build operations Thread 47"        [_thread_blocked, id=15392, stack(0x000000f0c2900000,0x000000f0c2a00000) (1024K)]
  0x0000026005802cc0 JavaThread "Unconstrained build operations Thread 48"        [_thread_blocked, id=15332, stack(0x000000f0c2a00000,0x000000f0c2b00000) (1024K)]
  0x0000026005806e60 JavaThread "Unconstrained build operations Thread 49"        [_thread_blocked, id=15012, stack(0x000000f0c2b00000,0x000000f0c2c00000) (1024K)]
  0x0000026005807b80 JavaThread "Unconstrained build operations Thread 50"        [_thread_blocked, id=10272, stack(0x000000f0c2c00000,0x000000f0c2d00000) (1024K)]
  0x0000026005804070 JavaThread "Unconstrained build operations Thread 51"        [_thread_blocked, id=16620, stack(0x000000f0c2d00000,0x000000f0c2e00000) (1024K)]
  0x00000260058067d0 JavaThread "Unconstrained build operations Thread 52"        [_thread_blocked, id=11780, stack(0x000000f0c2e00000,0x000000f0c2f00000) (1024K)]
  0x0000026005808210 JavaThread "Unconstrained build operations Thread 53"        [_thread_blocked, id=13732, stack(0x000000f0c2f00000,0x000000f0c3000000) (1024K)]
  0x0000026005808f30 JavaThread "Unconstrained build operations Thread 54"        [_thread_blocked, id=13548, stack(0x000000f0c3000000,0x000000f0c3100000) (1024K)]
  0x0000026005803350 JavaThread "Unconstrained build operations Thread 55"        [_thread_blocked, id=9968, stack(0x000000f0c3100000,0x000000f0c3200000) (1024K)]
  0x0000026005801fa0 JavaThread "Unconstrained build operations Thread 56"        [_thread_blocked, id=13368, stack(0x000000f0c3200000,0x000000f0c3300000) (1024K)]
  0x00000260058095c0 JavaThread "Unconstrained build operations Thread 57"        [_thread_blocked, id=6240, stack(0x000000f0c3300000,0x000000f0c3400000) (1024K)]
  0x0000026005802630 JavaThread "Unconstrained build operations Thread 58"        [_thread_blocked, id=17248, stack(0x000000f0c3400000,0x000000f0c3500000) (1024K)]
  0x0000026006218cb0 JavaThread "Unconstrained build operations Thread 59"        [_thread_blocked, id=3608, stack(0x000000f0c3500000,0x000000f0c3600000) (1024K)]
  0x0000026006219340 JavaThread "Unconstrained build operations Thread 60"        [_thread_blocked, id=17372, stack(0x000000f0c3600000,0x000000f0c3700000) (1024K)]
  0x0000026006214480 JavaThread "Unconstrained build operations Thread 61"        [_thread_blocked, id=8156, stack(0x000000f0c3700000,0x000000f0c3800000) (1024K)]
  0x0000026006213760 JavaThread "Unconstrained build operations Thread 62"        [_thread_blocked, id=12684, stack(0x000000f0c3800000,0x000000f0c3900000) (1024K)]
  0x00000260062199d0 JavaThread "Unconstrained build operations Thread 63"        [_thread_blocked, id=17224, stack(0x000000f0c3900000,0x000000f0c3a00000) (1024K)]
  0x0000026006216550 JavaThread "Unconstrained build operations Thread 64"        [_thread_blocked, id=12052, stack(0x000000f0c3a00000,0x000000f0c3b00000) (1024K)]
  0x0000026006214b10 JavaThread "Unconstrained build operations Thread 65"        [_thread_blocked, id=4584, stack(0x000000f0c3b00000,0x000000f0c3c00000) (1024K)]
  0x0000026006215830 JavaThread "Unconstrained build operations Thread 66"        [_thread_blocked, id=1608, stack(0x000000f0c3c00000,0x000000f0c3d00000) (1024K)]
  0x0000026006212a40 JavaThread "Unconstrained build operations Thread 67"        [_thread_blocked, id=1012, stack(0x000000f0c3d00000,0x000000f0c3e00000) (1024K)]
  0x0000026006217900 JavaThread "Unconstrained build operations Thread 68"        [_thread_blocked, id=12924, stack(0x000000f0c3e00000,0x000000f0c3f00000) (1024K)]
  0x0000026006215ec0 JavaThread "Unconstrained build operations Thread 69"        [_thread_blocked, id=14400, stack(0x000000f0c3f00000,0x000000f0c4000000) (1024K)]
  0x000002600621a060 JavaThread "Unconstrained build operations Thread 70"        [_thread_blocked, id=8352, stack(0x000000f0c4000000,0x000000f0c4100000) (1024K)]
  0x00000260062130d0 JavaThread "Unconstrained build operations Thread 71"        [_thread_blocked, id=11556, stack(0x000000f0c4100000,0x000000f0c4200000) (1024K)]
  0x0000026006213df0 JavaThread "Unconstrained build operations Thread 72"        [_thread_blocked, id=2636, stack(0x000000f0c4200000,0x000000f0c4300000) (1024K)]
  0x0000026006217f90 JavaThread "Unconstrained build operations Thread 73"        [_thread_blocked, id=8812, stack(0x000000f0c4300000,0x000000f0c4400000) (1024K)]
  0x0000026006218620 JavaThread "Unconstrained build operations Thread 74"        [_thread_blocked, id=17340, stack(0x000000f0c4400000,0x000000f0c4500000) (1024K)]
  0x0000026006216be0 JavaThread "Unconstrained build operations Thread 75"        [_thread_blocked, id=7312, stack(0x000000f0c4500000,0x000000f0c4600000) (1024K)]
  0x00000260062151a0 JavaThread "Unconstrained build operations Thread 76"        [_thread_blocked, id=12456, stack(0x000000f0c4600000,0x000000f0c4700000) (1024K)]
  0x0000026006217270 JavaThread "Unconstrained build operations Thread 77"        [_thread_blocked, id=16708, stack(0x000000f0c4700000,0x000000f0c4800000) (1024K)]
  0x00000260038a1c60 JavaThread "Unconstrained build operations Thread 78"        [_thread_blocked, id=16988, stack(0x000000f0c4800000,0x000000f0c4900000) (1024K)]
  0x00000260038a36a0 JavaThread "Unconstrained build operations Thread 79"        [_thread_blocked, id=10036, stack(0x000000f0c4900000,0x000000f0c4a00000) (1024K)]
  0x00000260038a3010 JavaThread "Unconstrained build operations Thread 80"        [_thread_blocked, id=10512, stack(0x000000f0c4a00000,0x000000f0c4b00000) (1024K)]
=>0x00000260018bd700 JavaThread "C2 CompilerThread1"         daemon [_thread_in_native, id=14904, stack(0x000000f0c4b00000,0x000000f0c4c00000) (1024K)]
  0x00000260018bffe0 JavaThread "C2 CompilerThread2"         daemon [_thread_in_native, id=13392, stack(0x000000f0c4c00000,0x000000f0c4d00000) (1024K)]
Total: 115

Other Threads:
  0x0000026020bef7a0 VMThread "VM Thread"                           [id=11984, stack(0x000000f0bd400000,0x000000f0bd500000) (1024K)]
  0x0000026022e4bee0 WatcherThread "VM Periodic Task Thread"        [id=11064, stack(0x000000f0bd300000,0x000000f0bd400000) (1024K)]
  0x0000026020bef060 WorkerThread "GC Thread#0"                     [id=17332, stack(0x000000f0bd200000,0x000000f0bd300000) (1024K)]
  0x0000026020bef400 WorkerThread "GC Thread#1"                     [id=1548, stack(0x000000f0be000000,0x000000f0be100000) (1024K)]
  0x0000026020beecc0 WorkerThread "GC Thread#2"                     [id=9252, stack(0x000000f0be100000,0x000000f0be200000) (1024K)]
  0x0000026020bf0620 WorkerThread "GC Thread#3"                     [id=16652, stack(0x000000f0be200000,0x000000f0be300000) (1024K)]
  0x000002607f461d10 WorkerThread "GC Thread#4"                     [id=1180, stack(0x000000f0be300000,0x000000f0be400000) (1024K)]
  0x000002607f464150 WorkerThread "GC Thread#5"                     [id=4984, stack(0x000000f0be400000,0x000000f0be500000) (1024K)]
  0x000002607f461970 WorkerThread "GC Thread#6"                     [id=2844, stack(0x000000f0be500000,0x000000f0be600000) (1024K)]
  0x000002607f4620b0 WorkerThread "GC Thread#7"                     [id=2320, stack(0x000000f0be600000,0x000000f0be700000) (1024K)]
Total: 10

Threads with active compile tasks:
C2 CompilerThread0  86697 20941       4       org.gradle.internal.classpath.types.ExternalPluginsInstrumentationTypeRegistry::computeSuperTypesWithRecursiveCaching (80 bytes)
C2 CompilerThread1  86698 20919       4       org.gradle.internal.classpath.types.ExternalPluginsInstrumentationTypeRegistry::computeAndCacheInstrumentedSuperTypes (39 bytes)
C2 CompilerThread2  86698 20690       4       org.objectweb.asm.ClassReader::readCode (5117 bytes)
Total: 3

VM state: not at safepoint (normal execution)

VM Mutex/Monitor currently owned by a thread: None

Heap address: 0x0000000700000000, size: 4096 MB, Compressed Oops mode: Zero based, Oop shift amount: 3

CDS archive(s) mapped at: [0x0000026044000000-0x0000026044c80000-0x0000026044c80000), size 13107200, SharedBaseAddress: 0x0000026044000000, ArchiveRelocationMode: 1.
Compressed class space mapped at: 0x0000026045000000-0x0000026079000000, reserved size: 872415232
Narrow klass base: 0x0000026044000000, Narrow klass shift: 0, Narrow klass range: 0x100000000

GC Precious Log:
 CardTable entry size: 512
 CPUs: 8 total, 8 available
 Memory: 24418M
 Large Page Support: Disabled
 NUMA Support: Disabled
 Compressed Oops: Enabled (Zero based)
 Alignments: Space 512K, Generation 512K, Heap 2M
 Heap Min Capacity: 8M
 Heap Initial Capacity: 382M
 Heap Max Capacity: 4G
 Pre-touch: Disabled
 Parallel Workers: 8

Heap:
 PSYoungGen      total 205824K, used 201651K [0x00000007aab00000, 0x00000007bb600000, 0x0000000800000000)
  eden space 195072K, 97% used [0x00000007aab00000,0x00000007b6574f00,0x00000007b6980000)
  from space 10752K, 99% used [0x00000007b6980000,0x00000007b73f8060,0x00000007b7400000)
  to   space 19456K, 0% used [0x00000007ba300000,0x00000007ba300000,0x00000007bb600000)
 ParOldGen       total 261120K, used 144508K [0x0000000700000000, 0x000000070ff00000, 0x00000007aab00000)
  object space 261120K, 55% used [0x0000000700000000,0x0000000708d1f1b0,0x000000070ff00000)
 Metaspace       used 140119K, committed 142400K, reserved 983040K
  class space    used 17345K, committed 18496K, reserved 851968K

Card table byte_map: [0x000002603a4d0000,0x000002603ace0000] _byte_map_base: 0x0000026036cd0000

Marking Bits: (ParMarkBitMap*) 0x00007ff970e63260
 Begin Bits: [0x000002603ace0000, 0x000002603ece0000)
 End Bits:   [0x000002603ece0000, 0x0000026042ce0000)

Polling page: 0x0000026020bb0000

Metaspace:

Usage:
  Non-class:    119.90 MB used.
      Class:     16.94 MB used.
       Both:    136.84 MB used.

Virtual space:
  Non-class space:      128.00 MB reserved,     121.00 MB ( 95%) committed,  2 nodes.
      Class space:      832.00 MB reserved,      18.06 MB (  2%) committed,  1 nodes.
             Both:      960.00 MB reserved,     139.06 MB ( 14%) committed. 

Chunk freelists:
   Non-Class:  6.64 MB
       Class:  13.89 MB
        Both:  20.53 MB

MaxMetaspaceSize: 1.00 GB
CompressedClassSpaceSize: 832.00 MB
Initial GC threshold: 21.00 MB
Current GC threshold: 228.88 MB
CDS: on
 - commit_granule_bytes: 65536.
 - commit_granule_words: 8192.
 - virtual_space_node_default_size: 8388608.
 - enlarge_chunks_in_place: 1.
 - use_allocation_guard: 0.


Internal statistics:

num_allocs_failed_limit: 12.
num_arena_births: 4120.
num_arena_deaths: 0.
num_vsnodes_births: 3.
num_vsnodes_deaths: 0.
num_space_committed: 2223.
num_space_uncommitted: 0.
num_chunks_returned_to_freelist: 12.
num_chunks_taken_from_freelist: 9561.
num_chunk_merges: 9.
num_chunk_splits: 6821.
num_chunks_enlarged: 4895.
num_inconsistent_stats: 0.

CodeHeap 'non-profiled nmethods': size=120000Kb used=14474Kb max_used=14474Kb free=105525Kb
 bounds [0x0000026032fa0000, 0x0000026033dd0000, 0x000002603a4d0000]
CodeHeap 'profiled nmethods': size=120000Kb used=40067Kb max_used=40067Kb free=79932Kb
 bounds [0x000002602b4d0000, 0x000002602dc00000, 0x0000026032a00000]
CodeHeap 'non-nmethods': size=5760Kb used=1983Kb max_used=2155Kb free=3776Kb
 bounds [0x0000026032a00000, 0x0000026032c70000, 0x0000026032fa0000]
 total_blobs=19692 nmethods=18631 adapters=964
 compilation: enabled
              stopped_count=0, restarted_count=0
 full_count=0

Compilation events (20 events):
Event: 86.466 Thread 0x00000260018bd700 nmethod 20920% 0x0000026033dbe990 code [0x0000026033dbec80, 0x0000026033dc0ce0]
Event: 86.466 Thread 0x00000260018bd700 20916       4       org.gradle.internal.classpath.types.ExternalPluginsInstrumentationTypeRegistry$$Lambda/0x0000026046211de8::test (8 bytes)
Event: 86.471 Thread 0x00000260018bd700 nmethod 20916 0x0000026033dc1e90 code [0x0000026033dc2020, 0x0000026033dc22d0]
Event: 86.471 Thread 0x00000260018bd700 20919       4       org.gradle.internal.classpath.types.ExternalPluginsInstrumentationTypeRegistry::computeAndCacheInstrumentedSuperTypes (39 bytes)
Event: 86.503 Thread 0x000002604369f620 20951   !   3       org.gradle.internal.classpath.ClasspathWalker::visitJarContents (107 bytes)
Event: 86.503 Thread 0x000002604369f620 nmethod 20951 0x000002602dba6e10 code [0x000002602dba70a0, 0x000002602dba7c80]
Event: 86.503 Thread 0x000002604369f620 20952       3       org.gradle.internal.classpath.generated.InterceptorDeclaration_ConfigCacheJvmBytecode::visitMethodInsn (4411 bytes)
Event: 86.523 Thread 0x000002604369f620 nmethod 20952 0x000002602dba8110 code [0x000002602dbab940, 0x000002602dbc6fc8]
Event: 86.524 Thread 0x000002604369f620 20953       2       org.objectweb.asm.commons.CodeSizeEvaluator::visitInsn (26 bytes)
Event: 86.524 Thread 0x000002604369f620 nmethod 20953 0x000002602dbcf590 code [0x000002602dbcf740, 0x000002602dbcf890]
Event: 86.524 Thread 0x000002604369f620 20954       2       org.objectweb.asm.commons.CodeSizeEvaluator::visitJumpInsn (55 bytes)
Event: 86.525 Thread 0x000002604369f620 nmethod 20954 0x000002602dbcf990 code [0x000002602dbcfb40, 0x000002602dbcfcc0]
Event: 86.525 Thread 0x000002604369f620 20958       2       org.gradle.internal.classpath.transforms.InstrumentingClassTransform$InstrumentingVisitor::maybeBuildBridgeMethod (94 bytes)
Event: 86.526 Thread 0x000002604369f620 nmethod 20958 0x000002602dbcfd90 code [0x000002602dbcffc0, 0x000002602dbd0430]
Event: 86.533 Thread 0x000002604369f620 20959       2       java.nio.Bits::tryReserveMemory (52 bytes)
Event: 86.533 Thread 0x000002604369f620 nmethod 20959 0x000002602dbd0690 code [0x000002602dbd0860, 0x000002602dbd0ad8]
Event: 86.535 Thread 0x000002604369f620 20960       3       org.gradle.api.internal.file.DefaultFileCollectionFactory::fixed (35 bytes)
Event: 86.535 Thread 0x000002604369f620 nmethod 20960 0x000002602dbd0c90 code [0x000002602dbd0ec0, 0x000002602dbd1778]
Event: 86.536 Thread 0x000002604369f620 20961       2       java.lang.AbstractStringBuilder::append (54 bytes)
Event: 86.536 Thread 0x000002604369f620 nmethod 20961 0x000002602dbd1b10 code [0x000002602dbd1d20, 0x000002602dbd20a0]

GC Heap History (20 events):
Event: 82.743 GC heap before
{Heap before GC invocations=73 (full 5):
 PSYoungGen      total 178176K, used 176128K [0x00000007aab00000, 0x00000007b8080000, 0x0000000800000000)
  eden space 176128K, 100% used [0x00000007aab00000,0x00000007b5700000,0x00000007b5700000)
  from space 2048K, 0% used [0x00000007b6d00000,0x00000007b6d00000,0x00000007b6f00000)
  to   space 12800K, 0% used [0x00000007b7400000,0x00000007b7400000,0x00000007b8080000)
 ParOldGen       total 261120K, used 80596K [0x0000000700000000, 0x000000070ff00000, 0x00000007aab00000)
  object space 261120K, 30% used [0x0000000700000000,0x0000000704eb5330,0x000000070ff00000)
 Metaspace       used 139092K, committed 141440K, reserved 983040K
  class space    used 17268K, committed 18432K, reserved 851968K
}
Event: 82.748 GC heap after
{Heap after GC invocations=73 (full 5):
 PSYoungGen      total 177152K, used 6466K [0x00000007aab00000, 0x00000007b7a80000, 0x0000000800000000)
  eden space 170496K, 0% used [0x00000007aab00000,0x00000007aab00000,0x00000007b5180000)
  from space 6656K, 97% used [0x00000007b7400000,0x00000007b7a50b88,0x00000007b7a80000)
  to   space 12800K, 0% used [0x00000007b6180000,0x00000007b6180000,0x00000007b6e00000)
 ParOldGen       total 261120K, used 80604K [0x0000000700000000, 0x000000070ff00000, 0x00000007aab00000)
  object space 261120K, 30% used [0x0000000700000000,0x0000000704eb7330,0x000000070ff00000)
 Metaspace       used 139092K, committed 141440K, reserved 983040K
  class space    used 17268K, committed 18432K, reserved 851968K
}
Event: 83.081 GC heap before
{Heap before GC invocations=74 (full 5):
 PSYoungGen      total 177152K, used 176962K [0x00000007aab00000, 0x00000007b7a80000, 0x0000000800000000)
  eden space 170496K, 100% used [0x00000007aab00000,0x00000007b5180000,0x00000007b5180000)
  from space 6656K, 97% used [0x00000007b7400000,0x00000007b7a50b88,0x00000007b7a80000)
  to   space 12800K, 0% used [0x00000007b6180000,0x00000007b6180000,0x00000007b6e00000)
 ParOldGen       total 261120K, used 80604K [0x0000000700000000, 0x000000070ff00000, 0x00000007aab00000)
  object space 261120K, 30% used [0x0000000700000000,0x0000000704eb7330,0x000000070ff00000)
 Metaspace       used 139192K, committed 141568K, reserved 983040K
  class space    used 17269K, committed 18432K, reserved 851968K
}
Event: 83.090 GC heap after
{Heap after GC invocations=74 (full 5):
 PSYoungGen      total 172032K, used 6406K [0x00000007aab00000, 0x00000007b7480000, 0x0000000800000000)
  eden space 165376K, 0% used [0x00000007aab00000,0x00000007aab00000,0x00000007b4c80000)
  from space 6656K, 96% used [0x00000007b6180000,0x00000007b67c1b48,0x00000007b6800000)
  to   space 12288K, 0% used [0x00000007b6880000,0x00000007b6880000,0x00000007b7480000)
 ParOldGen       total 261120K, used 86913K [0x0000000700000000, 0x000000070ff00000, 0x00000007aab00000)
  object space 261120K, 33% used [0x0000000700000000,0x00000007054e0548,0x000000070ff00000)
 Metaspace       used 139192K, committed 141568K, reserved 983040K
  class space    used 17269K, committed 18432K, reserved 851968K
}
Event: 83.434 GC heap before
{Heap before GC invocations=75 (full 5):
 PSYoungGen      total 172032K, used 171782K [0x00000007aab00000, 0x00000007b7480000, 0x0000000800000000)
  eden space 165376K, 100% used [0x00000007aab00000,0x00000007b4c80000,0x00000007b4c80000)
  from space 6656K, 96% used [0x00000007b6180000,0x00000007b67c1b48,0x00000007b6800000)
  to   space 12288K, 0% used [0x00000007b6880000,0x00000007b6880000,0x00000007b7480000)
 ParOldGen       total 261120K, used 86913K [0x0000000700000000, 0x000000070ff00000, 0x00000007aab00000)
  object space 261120K, 33% used [0x0000000700000000,0x00000007054e0548,0x000000070ff00000)
 Metaspace       used 139253K, committed 141568K, reserved 983040K
  class space    used 17269K, committed 18432K, reserved 851968K
}
Event: 83.440 GC heap after
{Heap after GC invocations=75 (full 5):
 PSYoungGen      total 165376K, used 4672K [0x00000007aab00000, 0x00000007b6d80000, 0x0000000800000000)
  eden space 160256K, 0% used [0x00000007aab00000,0x00000007aab00000,0x00000007b4780000)
  from space 5120K, 91% used [0x00000007b6880000,0x00000007b6d10000,0x00000007b6d80000)
  to   space 11776K, 0% used [0x00000007b5680000,0x00000007b5680000,0x00000007b6200000)
 ParOldGen       total 261120K, used 92705K [0x0000000700000000, 0x000000070ff00000, 0x00000007aab00000)
  object space 261120K, 35% used [0x0000000700000000,0x0000000705a886e0,0x000000070ff00000)
 Metaspace       used 139253K, committed 141568K, reserved 983040K
  class space    used 17269K, committed 18432K, reserved 851968K
}
Event: 83.819 GC heap before
{Heap before GC invocations=76 (full 5):
 PSYoungGen      total 165376K, used 164928K [0x00000007aab00000, 0x00000007b6d80000, 0x0000000800000000)
  eden space 160256K, 100% used [0x00000007aab00000,0x00000007b4780000,0x00000007b4780000)
  from space 5120K, 91% used [0x00000007b6880000,0x00000007b6d10000,0x00000007b6d80000)
  to   space 11776K, 0% used [0x00000007b5680000,0x00000007b5680000,0x00000007b6200000)
 ParOldGen       total 261120K, used 92708K [0x0000000700000000, 0x000000070ff00000, 0x00000007aab00000)
  object space 261120K, 35% used [0x0000000700000000,0x0000000705a891e8,0x000000070ff00000)
 Metaspace       used 139376K, committed 141696K, reserved 983040K
  class space    used 17269K, committed 18432K, reserved 851968K
}
Event: 83.823 GC heap after
{Heap after GC invocations=76 (full 5):
 PSYoungGen      total 167936K, used 7221K [0x00000007aab00000, 0x00000007b6900000, 0x0000000800000000)
  eden space 160256K, 0% used [0x00000007aab00000,0x00000007aab00000,0x00000007b4780000)
  from space 7680K, 94% used [0x00000007b5680000,0x00000007b5d8d6f0,0x00000007b5e00000)
  to   space 11264K, 0% used [0x00000007b5e00000,0x00000007b5e00000,0x00000007b6900000)
 ParOldGen       total 261120K, used 97276K [0x0000000700000000, 0x000000070ff00000, 0x00000007aab00000)
  object space 261120K, 37% used [0x0000000700000000,0x0000000705eff1e8,0x000000070ff00000)
 Metaspace       used 139376K, committed 141696K, reserved 983040K
  class space    used 17269K, committed 18432K, reserved 851968K
}
Event: 83.955 GC heap before
{Heap before GC invocations=77 (full 5):
 PSYoungGen      total 167936K, used 167477K [0x00000007aab00000, 0x00000007b6900000, 0x0000000800000000)
  eden space 160256K, 100% used [0x00000007aab00000,0x00000007b4780000,0x00000007b4780000)
  from space 7680K, 94% used [0x00000007b5680000,0x00000007b5d8d6f0,0x00000007b5e00000)
  to   space 11264K, 0% used [0x00000007b5e00000,0x00000007b5e00000,0x00000007b6900000)
 ParOldGen       total 261120K, used 97284K [0x0000000700000000, 0x000000070ff00000, 0x00000007aab00000)
  object space 261120K, 37% used [0x0000000700000000,0x0000000705f01108,0x000000070ff00000)
 Metaspace       used 139388K, committed 141696K, reserved 983040K
  class space    used 17269K, committed 18432K, reserved 851968K
}
Event: 83.959 GC heap after
{Heap after GC invocations=77 (full 5):
 PSYoungGen      total 168960K, used 8385K [0x00000007aab00000, 0x00000007b6680000, 0x0000000800000000)
  eden space 160256K, 0% used [0x00000007aab00000,0x00000007aab00000,0x00000007b4780000)
  from space 8704K, 96% used [0x00000007b5e00000,0x00000007b66307b0,0x00000007b6680000)
  to   space 12288K, 0% used [0x00000007b4e80000,0x00000007b4e80000,0x00000007b5a80000)
 ParOldGen       total 261120K, used 103760K [0x0000000700000000, 0x000000070ff00000, 0x00000007aab00000)
  object space 261120K, 39% used [0x0000000700000000,0x00000007065543e0,0x000000070ff00000)
 Metaspace       used 139388K, committed 141696K, reserved 983040K
  class space    used 17269K, committed 18432K, reserved 851968K
}
Event: 84.137 GC heap before
{Heap before GC invocations=78 (full 5):
 PSYoungGen      total 168960K, used 168641K [0x00000007aab00000, 0x00000007b6680000, 0x0000000800000000)
  eden space 160256K, 100% used [0x00000007aab00000,0x00000007b4780000,0x00000007b4780000)
  from space 8704K, 96% used [0x00000007b5e00000,0x00000007b66307b0,0x00000007b6680000)
  to   space 12288K, 0% used [0x00000007b4e80000,0x00000007b4e80000,0x00000007b5a80000)
 ParOldGen       total 261120K, used 103782K [0x0000000700000000, 0x000000070ff00000, 0x00000007aab00000)
  object space 261120K, 39% used [0x0000000700000000,0x0000000706559918,0x000000070ff00000)
 Metaspace       used 139428K, committed 141760K, reserved 983040K
  class space    used 17270K, committed 18432K, reserved 851968K
}
Event: 84.144 GC heap after
{Heap after GC invocations=78 (full 5):
 PSYoungGen      total 166400K, used 5918K [0x00000007aab00000, 0x00000007b5e80000, 0x0000000800000000)
  eden space 160256K, 0% used [0x00000007aab00000,0x00000007aab00000,0x00000007b4780000)
  from space 6144K, 96% used [0x00000007b4e80000,0x00000007b5447b30,0x00000007b5480000)
  to   space 10240K, 0% used [0x00000007b5480000,0x00000007b5480000,0x00000007b5e80000)
 ParOldGen       total 261120K, used 111813K [0x0000000700000000, 0x000000070ff00000, 0x00000007aab00000)
  object space 261120K, 42% used [0x0000000700000000,0x0000000706d31608,0x000000070ff00000)
 Metaspace       used 139428K, committed 141760K, reserved 983040K
  class space    used 17270K, committed 18432K, reserved 851968K
}
Event: 84.386 GC heap before
{Heap before GC invocations=79 (full 5):
 PSYoungGen      total 166400K, used 166174K [0x00000007aab00000, 0x00000007b5e80000, 0x0000000800000000)
  eden space 160256K, 100% used [0x00000007aab00000,0x00000007b4780000,0x00000007b4780000)
  from space 6144K, 96% used [0x00000007b4e80000,0x00000007b5447b30,0x00000007b5480000)
  to   space 10240K, 0% used [0x00000007b5480000,0x00000007b5480000,0x00000007b5e80000)
 ParOldGen       total 261120K, used 111840K [0x0000000700000000, 0x000000070ff00000, 0x00000007aab00000)
  object space 261120K, 42% used [0x0000000700000000,0x0000000706d380a0,0x000000070ff00000)
 Metaspace       used 139465K, committed 141760K, reserved 983040K
  class space    used 17271K, committed 18432K, reserved 851968K
}
Event: 84.390 GC heap after
{Heap after GC invocations=79 (full 5):
 PSYoungGen      total 172544K, used 5216K [0x00000007aab00000, 0x00000007b7d00000, 0x0000000800000000)
  eden space 162304K, 0% used [0x00000007aab00000,0x00000007aab00000,0x00000007b4980000)
  from space 10240K, 50% used [0x00000007b5480000,0x00000007b5998000,0x00000007b5e80000)
  to   space 11264K, 0% used [0x00000007b4980000,0x00000007b4980000,0x00000007b5480000)
 ParOldGen       total 261120K, used 116712K [0x0000000700000000, 0x000000070ff00000, 0x00000007aab00000)
  object space 261120K, 44% used [0x0000000700000000,0x00000007071fa0c0,0x000000070ff00000)
 Metaspace       used 139465K, committed 141760K, reserved 983040K
  class space    used 17271K, committed 18432K, reserved 851968K
}
Event: 84.805 GC heap before
{Heap before GC invocations=80 (full 5):
 PSYoungGen      total 172544K, used 167520K [0x00000007aab00000, 0x00000007b7d00000, 0x0000000800000000)
  eden space 162304K, 100% used [0x00000007aab00000,0x00000007b4980000,0x00000007b4980000)
  from space 10240K, 50% used [0x00000007b5480000,0x00000007b5998000,0x00000007b5e80000)
  to   space 11264K, 0% used [0x00000007b4980000,0x00000007b4980000,0x00000007b5480000)
 ParOldGen       total 261120K, used 116712K [0x0000000700000000, 0x000000070ff00000, 0x00000007aab00000)
  object space 261120K, 44% used [0x0000000700000000,0x00000007071fa0c0,0x000000070ff00000)
 Metaspace       used 139465K, committed 141760K, reserved 983040K
  class space    used 17271K, committed 18432K, reserved 851968K
}
Event: 84.808 GC heap after
{Heap after GC invocations=80 (full 5):
 PSYoungGen      total 173568K, used 3830K [0x00000007aab00000, 0x00000007b7f80000, 0x0000000800000000)
  eden space 162304K, 0% used [0x00000007aab00000,0x00000007aab00000,0x00000007b4980000)
  from space 11264K, 34% used [0x00000007b4980000,0x00000007b4d3d890,0x00000007b5480000)
  to   space 11264K, 0% used [0x00000007b7480000,0x00000007b7480000,0x00000007b7f80000)
 ParOldGen       total 261120K, used 121832K [0x0000000700000000, 0x000000070ff00000, 0x00000007aab00000)
  object space 261120K, 46% used [0x0000000700000000,0x00000007076fa0e0,0x000000070ff00000)
 Metaspace       used 139465K, committed 141760K, reserved 983040K
  class space    used 17271K, committed 18432K, reserved 851968K
}
Event: 85.193 GC heap before
{Heap before GC invocations=81 (full 5):
 PSYoungGen      total 173568K, used 166134K [0x00000007aab00000, 0x00000007b7f80000, 0x0000000800000000)
  eden space 162304K, 100% used [0x00000007aab00000,0x00000007b4980000,0x00000007b4980000)
  from space 11264K, 34% used [0x00000007b4980000,0x00000007b4d3d890,0x00000007b5480000)
  to   space 11264K, 0% used [0x00000007b7480000,0x00000007b7480000,0x00000007b7f80000)
 ParOldGen       total 261120K, used 121832K [0x0000000700000000, 0x000000070ff00000, 0x00000007aab00000)
  object space 261120K, 46% used [0x0000000700000000,0x00000007076fa0e0,0x000000070ff00000)
 Metaspace       used 139465K, committed 141760K, reserved 983040K
  class space    used 17271K, committed 18432K, reserved 851968K
}
Event: 85.197 GC heap after
{Heap after GC invocations=81 (full 5):
 PSYoungGen      total 205312K, used 3840K [0x00000007aab00000, 0x00000007b7e80000, 0x0000000800000000)
  eden space 195072K, 0% used [0x00000007aab00000,0x00000007aab00000,0x00000007b6980000)
  from space 10240K, 37% used [0x00000007b7480000,0x00000007b7840000,0x00000007b7e80000)
  to   space 10752K, 0% used [0x00000007b6980000,0x00000007b6980000,0x00000007b7400000)
 ParOldGen       total 261120K, used 125600K [0x0000000700000000, 0x000000070ff00000, 0x00000007aab00000)
  object space 261120K, 48% used [0x0000000700000000,0x0000000707aa80e0,0x000000070ff00000)
 Metaspace       used 139465K, committed 141760K, reserved 983040K
  class space    used 17271K, committed 18432K, reserved 851968K
}
Event: 85.794 GC heap before
{Heap before GC invocations=82 (full 5):
 PSYoungGen      total 205312K, used 198912K [0x00000007aab00000, 0x00000007b7e80000, 0x0000000800000000)
  eden space 195072K, 100% used [0x00000007aab00000,0x00000007b6980000,0x00000007b6980000)
  from space 10240K, 37% used [0x00000007b7480000,0x00000007b7840000,0x00000007b7e80000)
  to   space 10752K, 0% used [0x00000007b6980000,0x00000007b6980000,0x00000007b7400000)
 ParOldGen       total 261120K, used 125600K [0x0000000700000000, 0x000000070ff00000, 0x00000007aab00000)
  object space 261120K, 48% used [0x0000000700000000,0x0000000707aa80e0,0x000000070ff00000)
 Metaspace       used 139645K, committed 142016K, reserved 983040K
  class space    used 17302K, committed 18496K, reserved 851968K
}
Event: 85.817 GC heap after
{Heap after GC invocations=82 (full 5):
 PSYoungGen      total 205824K, used 10720K [0x00000007aab00000, 0x00000007bb600000, 0x0000000800000000)
  eden space 195072K, 0% used [0x00000007aab00000,0x00000007aab00000,0x00000007b6980000)
  from space 10752K, 99% used [0x00000007b6980000,0x00000007b73f8060,0x00000007b7400000)
  to   space 19456K, 0% used [0x00000007ba300000,0x00000007ba300000,0x00000007bb600000)
 ParOldGen       total 261120K, used 144508K [0x0000000700000000, 0x000000070ff00000, 0x00000007aab00000)
  object space 261120K, 55% used [0x0000000700000000,0x0000000708d1f1b0,0x000000070ff00000)
 Metaspace       used 139645K, committed 142016K, reserved 983040K
  class space    used 17302K, committed 18496K, reserved 851968K
}

Dll operation events (15 events):
Event: 0.808 Loaded shared library D:\dop_instrumenty\JAva\bin\java.dll
Event: 0.836 Loaded shared library D:\dop_instrumenty\JAva\bin\jsvml.dll
Event: 0.924 Loaded shared library D:\dop_instrumenty\JAva\bin\zip.dll
Event: 1.045 Loaded shared library D:\dop_instrumenty\JAva\bin\instrument.dll
Event: 1.051 Loaded shared library D:\dop_instrumenty\JAva\bin\net.dll
Event: 1.053 Loaded shared library D:\dop_instrumenty\JAva\bin\nio.dll
Event: 1.059 Loaded shared library D:\dop_instrumenty\JAva\bin\zip.dll
Event: 1.271 Loaded shared library D:\dop_instrumenty\JAva\bin\jimage.dll
Event: 1.747 Loaded shared library D:\dop_instrumenty\JAva\bin\verify.dll
Event: 1.870 Loaded shared library D:\dop_instrumenty\android_studio\.gradle\native\c067742578af261105cb4f569cf0c3c89f3d7b1fecec35dd04571415982c5e48\windows-amd64\native-platform.dll
Event: 1.969 Loaded shared library D:\dop_instrumenty\android_studio\.gradle\native\100fb08df4bc3b14c8652ba06237920a3bd2aa13389f12d3474272988ae205f9\windows-amd64\native-platform-file-events.dll
Event: 4.583 Loaded shared library D:\dop_instrumenty\JAva\bin\management.dll
Event: 4.585 Loaded shared library D:\dop_instrumenty\JAva\bin\management_ext.dll
Event: 7.556 Loaded shared library D:\dop_instrumenty\JAva\bin\extnet.dll
Event: 8.603 Loaded shared library D:\dop_instrumenty\JAva\bin\sunmscapi.dll

Deoptimization events (20 events):
Event: 86.419 Thread 0x0000026000864d00 Uncommon trap: trap_request=0xffffff45 fr.pc=0x0000026033449210 relative=0x00000000000004f0
Event: 86.420 Thread 0x0000026000863950 Uncommon trap: trap_request=0xffffff45 fr.pc=0x0000026033449240 relative=0x0000000000000520
Event: 86.420 Thread 0x0000026000863950 Uncommon trap: reason=unstable_if action=reinterpret pc=0x0000026033449240 method=org.objectweb.asm.MethodWriter.visitVarInsn(II)V @ 236 c2
Event: 86.420 Thread 0x0000026000863950 DEOPT PACKING pc=0x0000026033449240 sp=0x000000f0c16fa4d0
Event: 86.420 Thread 0x0000026000863950 DEOPT UNPACKING pc=0x0000026032a53aa2 sp=0x000000f0c16fa478 mode 2
Event: 86.421 Thread 0x0000026000863950 Uncommon trap: trap_request=0xffffff45 fr.pc=0x0000026033db2c28 relative=0x0000000000000ca8
Event: 86.421 Thread 0x0000026000863950 Uncommon trap: reason=unstable_if action=reinterpret pc=0x0000026033db2c28 method=org.objectweb.asm.MethodWriter.visitLocalVariable(Ljava/lang/String;Ljava/lang/String;Ljava/lang/String;Lorg/objectweb/asm/Label;Lorg/objectweb/asm/Label;I)V @ 188 c2
Event: 86.421 Thread 0x0000026000863950 DEOPT PACKING pc=0x0000026033db2c28 sp=0x000000f0c16fa3e0
Event: 86.421 Thread 0x0000026000863950 DEOPT UNPACKING pc=0x0000026032a53aa2 sp=0x000000f0c16fa368 mode 2
Event: 86.423 Thread 0x0000026000864d00 Uncommon trap: reason=unstable_if action=reinterpret pc=0x0000026033449210 method=org.objectweb.asm.MethodWriter.visitVarInsn(II)V @ 224 c2
Event: 86.423 Thread 0x0000026000864d00 DEOPT PACKING pc=0x0000026033449210 sp=0x000000f0c1cfa3b0
Event: 86.423 Thread 0x0000026000864d00 DEOPT UNPACKING pc=0x0000026032a53aa2 sp=0x000000f0c1cfa358 mode 2
Event: 86.502 Thread 0x0000026000864d00 Uncommon trap: trap_request=0xffffff45 fr.pc=0x0000026033dbc054 relative=0x0000000000001ed4
Event: 86.502 Thread 0x0000026000864d00 Uncommon trap: reason=unstable_if action=reinterpret pc=0x0000026033dbc054 method=org.gradle.internal.classpath.generated.InterceptorDeclaration_ConfigCacheJvmBytecode.visitMethodInsn(Lorg/gradle/model/internal/asm/MethodVisitorScope;Ljava/lang/String;ILj
Event: 86.502 Thread 0x0000026000864d00 DEOPT PACKING pc=0x0000026033dbc054 sp=0x000000f0c1cfa3a0
Event: 86.502 Thread 0x0000026000864d00 DEOPT UNPACKING pc=0x0000026032a53aa2 sp=0x000000f0c1cfa300 mode 2
Event: 86.503 Thread 0x0000026000864d00 Uncommon trap: trap_request=0xffffffc6 fr.pc=0x0000026033cbd7b8 relative=0x0000000000002a18
Event: 86.503 Thread 0x0000026000864d00 Uncommon trap: reason=bimorphic_or_optimized_type_check action=maybe_recompile pc=0x0000026033cbd7b8 method=org.gradle.internal.classpath.ClasspathWalker.visitJarContents(Ljava/io/File;Lorg/gradle/internal/classpath/ClasspathEntryVisitor;)V @ 58 c2
Event: 86.503 Thread 0x0000026000864d00 DEOPT PACKING pc=0x0000026033cbd7b8 sp=0x000000f0c1cfae10
Event: 86.503 Thread 0x0000026000864d00 DEOPT UNPACKING pc=0x0000026032a53aa2 sp=0x000000f0c1cfae38 mode 2

Classes loaded (20 events):
Event: 82.337 Loading class jdk/internal/reflect/ByteVectorImpl
Event: 82.337 Loading class jdk/internal/reflect/ByteVector
Event: 82.337 Loading class jdk/internal/reflect/ByteVector done
Event: 82.337 Loading class jdk/internal/reflect/ByteVectorImpl done
Event: 82.337 Loading class jdk/internal/reflect/ClassFileAssembler
Event: 82.337 Loading class jdk/internal/reflect/ClassFileAssembler done
Event: 82.338 Loading class jdk/internal/reflect/UTF8
Event: 82.358 Loading class jdk/internal/reflect/UTF8 done
Event: 82.359 Loading class jdk/internal/reflect/Label
Event: 82.359 Loading class jdk/internal/reflect/Label done
Event: 82.359 Loading class jdk/internal/reflect/Label$PatchInfo
Event: 82.359 Loading class jdk/internal/reflect/Label$PatchInfo done
Event: 82.359 Loading class jdk/internal/reflect/MethodAccessorGenerator$1
Event: 82.359 Loading class jdk/internal/reflect/MethodAccessorGenerator$1 done
Event: 82.359 Loading class jdk/internal/reflect/ClassDefiner
Event: 82.359 Loading class jdk/internal/reflect/ClassDefiner done
Event: 82.359 Loading class jdk/internal/reflect/ClassDefiner$1
Event: 82.359 Loading class jdk/internal/reflect/ClassDefiner$1 done
Event: 82.359 Loading class jdk/internal/reflect/SerializationConstructorAccessorImpl
Event: 82.359 Loading class jdk/internal/reflect/SerializationConstructorAccessorImpl done

Classes unloaded (0 events):
No events

Classes redefined (0 events):
No events

Internal exceptions (20 events):
Event: 59.020 Thread 0x000002607acaf410 Exception <a 'java/lang/NoSuchMethodError'{0x00000007b50b56a0}: 'void java.lang.invoke.DirectMethodHandle$Holder.invokeStatic(java.lang.Object, java.lang.Object, java.lang.Object, int, java.lang.Object)'> (0x00000007b50b56a0) 
thrown [s\src\hotspot\share\interpreter\linkResolver.cpp, line 773]
Event: 62.326 Thread 0x000002604368fdc0 Implicit null exception at 0x0000026032fd278b to 0x0000026032fd2864
Event: 77.554 Thread 0x000002600435e080 Implicit null exception at 0x00000260336f708e to 0x00000260336f79a8
Event: 77.554 Thread 0x000002600435e080 Implicit null exception at 0x00000260336f708e to 0x00000260336f79a8
Event: 77.691 Thread 0x000002600435f430 Implicit null exception at 0x00000260336f708e to 0x00000260336f79a8
Event: 77.692 Thread 0x000002600435f430 Implicit null exception at 0x00000260336f708e to 0x00000260336f79a8
Event: 82.942 Thread 0x000002600435e710 Implicit null exception at 0x0000026033c358e0 to 0x0000026033c35ad8
Event: 85.453 Thread 0x000002607acaf410 Exception <a 'java/lang/NoSuchMethodError'{0x00000007afa6d5a8}: 'java.lang.Object java.lang.invoke.DirectMethodHandle$Holder.invokeSpecialIFC(java.lang.Object, java.lang.Object, java.lang.Object)'> (0x00000007afa6d5a8) 
thrown [s\src\hotspot\share\interpreter\linkResolver.cpp, line 773]
Event: 86.129 Thread 0x000002600085e400 Implicit null exception at 0x0000026033d64420 to 0x0000026033d64b30
Event: 86.130 Thread 0x00000260008625a0 Exception <a 'sun/nio/fs/WindowsException'{0x00000007ad12b7d0}> (0x00000007ad12b7d0) 
thrown [s\src\hotspot\share\prims\jni.cpp, line 520]
Event: 86.130 Thread 0x000002607acaf410 Exception <a 'sun/nio/fs/WindowsException'{0x00000007ace636b0}> (0x00000007ace636b0) 
thrown [s\src\hotspot\share\prims\jni.cpp, line 520]
Event: 86.130 Thread 0x0000026000863950 Exception <a 'sun/nio/fs/WindowsException'{0x00000007ace7ad10}> (0x00000007ace7ad10) 
thrown [s\src\hotspot\share\prims\jni.cpp, line 520]
Event: 86.130 Thread 0x000002600085e400 Exception <a 'sun/nio/fs/WindowsException'{0x00000007abfcf4e0}> (0x00000007abfcf4e0) 
thrown [s\src\hotspot\share\prims\jni.cpp, line 520]
Event: 86.136 Thread 0x0000026000863fe0 Exception <a 'sun/nio/fs/WindowsException'{0x00000007ad111340}> (0x00000007ad111340) 
thrown [s\src\hotspot\share\prims\jni.cpp, line 520]
Event: 86.137 Thread 0x0000026000862c30 Exception <a 'sun/nio/fs/WindowsException'{0x00000007ad15d390}> (0x00000007ad15d390) 
thrown [s\src\hotspot\share\prims\jni.cpp, line 520]
Event: 86.272 Thread 0x000002600085dd70 Exception <a 'sun/nio/fs/WindowsException'{0x00000007af095190}> (0x00000007af095190) 
thrown [s\src\hotspot\share\prims\jni.cpp, line 520]
Event: 86.365 Thread 0x0000026000864d00 Exception <a 'sun/nio/fs/WindowsException'{0x00000007afaf0330}> (0x00000007afaf0330) 
thrown [s\src\hotspot\share\prims\jni.cpp, line 520]
Event: 86.374 Thread 0x00000260008625a0 Exception <a 'sun/nio/fs/WindowsException'{0x00000007afe9d830}> (0x00000007afe9d830) 
thrown [s\src\hotspot\share\prims\jni.cpp, line 520]
Event: 86.384 Thread 0x0000026000863950 Exception <a 'sun/nio/fs/WindowsException'{0x00000007b020e710}> (0x00000007b020e710) 
thrown [s\src\hotspot\share\prims\jni.cpp, line 520]
Event: 86.426 Thread 0x000002600085e400 Exception <a 'sun/nio/fs/WindowsException'{0x00000007aedc3c90}> (0x00000007aedc3c90) 
thrown [s\src\hotspot\share\prims\jni.cpp, line 520]

ZGC Phase Switch (0 events):
No events

VM Operations (20 events):
Event: 83.955 Executing VM operation: ParallelGCFailedAllocation (Allocation Failure)
Event: 83.955 Executing VM operation: ParallelGCFailedAllocation (Allocation Failure) done
Event: 83.955 Executing VM operation: ParallelGCSystemGC (GCLocker Initiated GC)
Event: 83.959 Executing VM operation: ParallelGCSystemGC (GCLocker Initiated GC) done
Event: 84.137 Executing VM operation: ParallelGCFailedAllocation (Allocation Failure)
Event: 84.137 Executing VM operation: ParallelGCFailedAllocation (Allocation Failure) done
Event: 84.137 Executing VM operation: ParallelGCSystemGC (GCLocker Initiated GC)
Event: 84.144 Executing VM operation: ParallelGCSystemGC (GCLocker Initiated GC) done
Event: 84.385 Executing VM operation: ParallelGCFailedAllocation (Allocation Failure)
Event: 84.390 Executing VM operation: ParallelGCFailedAllocation (Allocation Failure) done
Event: 84.805 Executing VM operation: ParallelGCFailedAllocation (Allocation Failure)
Event: 84.808 Executing VM operation: ParallelGCFailedAllocation (Allocation Failure) done
Event: 85.193 Executing VM operation: ParallelGCFailedAllocation (Allocation Failure)
Event: 85.197 Executing VM operation: ParallelGCFailedAllocation (Allocation Failure) done
Event: 85.426 Executing VM operation: HandshakeAllThreads (Deoptimize)
Event: 85.427 Executing VM operation: HandshakeAllThreads (Deoptimize) done
Event: 85.794 Executing VM operation: ParallelGCFailedAllocation (Allocation Failure)
Event: 85.817 Executing VM operation: ParallelGCFailedAllocation (Allocation Failure) done
Event: 86.187 Executing VM operation: ICBufferFull
Event: 86.187 Executing VM operation: ICBufferFull done

Memory protections (0 events):
No events

Nmethod flushes (20 events):
Event: 76.992 Thread 0x0000026020bef7a0 flushing  nmethod 0x000002602c39b490
Event: 76.992 Thread 0x0000026020bef7a0 flushing  nmethod 0x000002602c3a7d90
Event: 76.992 Thread 0x0000026020bef7a0 flushing  nmethod 0x000002602c3b6310
Event: 76.992 Thread 0x0000026020bef7a0 flushing  nmethod 0x000002602c3bb710
Event: 76.992 Thread 0x0000026020bef7a0 flushing  nmethod 0x000002602c3cd590
Event: 76.992 Thread 0x0000026020bef7a0 flushing  nmethod 0x000002602c3ebc90
Event: 76.992 Thread 0x0000026020bef7a0 flushing  nmethod 0x000002602c403010
Event: 76.992 Thread 0x0000026020bef7a0 flushing  nmethod 0x000002602c403590
Event: 76.992 Thread 0x0000026020bef7a0 flushing  nmethod 0x000002602c404c10
Event: 76.992 Thread 0x0000026020bef7a0 flushing  nmethod 0x000002602c407b90
Event: 76.992 Thread 0x0000026020bef7a0 flushing  nmethod 0x000002602c408510
Event: 76.992 Thread 0x0000026020bef7a0 flushing  nmethod 0x000002602c454490
Event: 76.992 Thread 0x0000026020bef7a0 flushing  nmethod 0x000002602c46b110
Event: 76.992 Thread 0x0000026020bef7a0 flushing  nmethod 0x000002602c481010
Event: 76.992 Thread 0x0000026020bef7a0 flushing  nmethod 0x000002602c4c5e10
Event: 76.992 Thread 0x0000026020bef7a0 flushing  nmethod 0x000002602c51c790
Event: 76.992 Thread 0x0000026020bef7a0 flushing  nmethod 0x000002602c559d10
Event: 76.992 Thread 0x0000026020bef7a0 flushing  nmethod 0x000002602c597d90
Event: 76.992 Thread 0x0000026020bef7a0 flushing  nmethod 0x000002602c5c9010
Event: 76.992 Thread 0x0000026020bef7a0 flushing  nmethod 0x000002602c64fc10

Events (20 events):
Event: 73.865 Thread 0x000002607acaf410 Thread added: 0x0000026006217f90
Event: 73.865 Thread 0x000002607acaf410 Thread added: 0x0000026006218620
Event: 73.865 Thread 0x000002607acaf410 Thread added: 0x0000026006216be0
Event: 73.865 Thread 0x000002607acaf410 Thread added: 0x00000260062151a0
Event: 73.865 Thread 0x000002607acaf410 Thread added: 0x0000026006217270
Event: 74.246 Thread 0x000002607acaf410 Thread added: 0x00000260038a1c60
Event: 74.247 Thread 0x000002607acaf410 Thread added: 0x00000260038a36a0
Event: 74.247 Thread 0x000002607acaf410 Thread added: 0x00000260038a3010
Event: 76.170 Thread 0x000002604369e9e0 Thread added: 0x000002600456dfe0
Event: 77.118 Thread 0x000002604369e9e0 Thread added: 0x00000260018b8c10
Event: 78.146 Thread 0x00000260018b8c10 Thread exited: 0x00000260018b8c10
Event: 78.443 Thread 0x000002600456dfe0 Thread exited: 0x000002600456dfe0
Event: 82.447 Thread 0x000002604369f620 Thread added: 0x00000260018b99b0
Event: 82.449 Thread 0x000002604369f620 Thread added: 0x00000260018bc290
Event: 85.288 Thread 0x00000260018bc290 Thread exited: 0x00000260018bc290
Event: 85.288 Thread 0x00000260018b99b0 Thread exited: 0x00000260018b99b0
Event: 85.460 Thread 0x000002604369f620 Thread added: 0x00000260018bd700
Event: 85.460 Thread 0x000002604369f620 Thread added: 0x00000260018bae20
Event: 86.135 Thread 0x00000260018bae20 Thread exited: 0x00000260018bae20
Event: 86.143 Thread 0x000002604369f620 Thread added: 0x00000260018bffe0


Dynamic libraries:
0x00007ff756050000 - 0x00007ff75605e000 	D:\dop_instrumenty\JAva\bin\java.exe
0x00007ffa12b20000 - 0x00007ffa12d29000 	C:\Windows\SYSTEM32\ntdll.dll
0x00007ffa11470000 - 0x00007ffa1152d000 	C:\Windows\System32\KERNEL32.DLL
0x00007ffa10260000 - 0x00007ffa105e5000 	C:\Windows\System32\KERNELBASE.dll
0x00007ffa10830000 - 0x00007ffa10941000 	C:\Windows\System32\ucrtbase.dll
0x00007ffa068d0000 - 0x00007ffa068e8000 	D:\dop_instrumenty\JAva\bin\jli.dll
0x00007ff9ccb40000 - 0x00007ff9ccb5e000 	D:\dop_instrumenty\JAva\bin\VCRUNTIME140.dll
0x00007ffa116c0000 - 0x00007ffa1186c000 	C:\Windows\System32\USER32.dll
0x00007ffa10230000 - 0x00007ffa10256000 	C:\Windows\System32\win32u.dll
0x00007ffa10d20000 - 0x00007ffa10d49000 	C:\Windows\System32\GDI32.dll
0x00007ff9fc770000 - 0x00007ff9fca15000 	C:\Windows\WinSxS\amd64_microsoft.windows.common-controls_6595b64144ccf1df_6.0.22000.2600_none_1b65155c6ae217ae\COMCTL32.dll
0x00007ffa10620000 - 0x00007ffa1073b000 	C:\Windows\System32\gdi32full.dll
0x00007ffa12130000 - 0x00007ffa121d3000 	C:\Windows\System32\msvcrt.dll
0x00007ffa10190000 - 0x00007ffa1022d000 	C:\Windows\System32\msvcp_win.dll
0x00007ffa10cc0000 - 0x00007ffa10cf1000 	C:\Windows\System32\IMM32.DLL
0x00007ffa078d0000 - 0x00007ffa078dc000 	D:\dop_instrumenty\JAva\bin\vcruntime140_1.dll
0x00007ff9c65a0000 - 0x00007ff9c662d000 	D:\dop_instrumenty\JAva\bin\msvcp140.dll
0x00007ff9701b0000 - 0x00007ff970f40000 	D:\dop_instrumenty\JAva\bin\server\jvm.dll
0x00007ffa11fb0000 - 0x00007ffa12062000 	C:\Windows\System32\ADVAPI32.dll
0x00007ffa12260000 - 0x00007ffa12302000 	C:\Windows\System32\sechost.dll
0x00007ffa105f0000 - 0x00007ffa10617000 	C:\Windows\System32\bcrypt.dll
0x00007ffa11cf0000 - 0x00007ffa11e12000 	C:\Windows\System32\RPCRT4.dll
0x00007ffa112e0000 - 0x00007ffa1134f000 	C:\Windows\System32\WS2_32.dll
0x00007ffa0f080000 - 0x00007ffa0f0cd000 	C:\Windows\SYSTEM32\POWRPROF.dll
0x00007ffa09e20000 - 0x00007ffa09e53000 	C:\Windows\SYSTEM32\WINMM.dll
0x00007ffa00960000 - 0x00007ffa0096a000 	C:\Windows\SYSTEM32\VERSION.dll
0x00007ffa0f060000 - 0x00007ffa0f073000 	C:\Windows\SYSTEM32\UMPDC.dll
0x00007ffa0f040000 - 0x00007ffa0f058000 	C:\Windows\SYSTEM32\kernel.appcore.dll
0x00007ffa004a0000 - 0x00007ffa004aa000 	D:\dop_instrumenty\JAva\bin\jimage.dll
0x00007ff9f1c60000 - 0x00007ff9f1e81000 	C:\Windows\SYSTEM32\DBGHELP.DLL
0x00007ff9f1890000 - 0x00007ff9f18c1000 	C:\Windows\SYSTEM32\dbgcore.DLL
0x00007ffa10740000 - 0x00007ffa107bf000 	C:\Windows\System32\bcryptPrimitives.dll
0x00007ff9c6500000 - 0x00007ff9c650f000 	D:\dop_instrumenty\JAva\bin\instrument.dll
0x00007ff9c6580000 - 0x00007ff9c659f000 	D:\dop_instrumenty\JAva\bin\java.dll
0x00007ffa12310000 - 0x00007ffa12ad5000 	C:\Windows\System32\SHELL32.dll
0x00007ffa0dff0000 - 0x00007ffa0e852000 	C:\Windows\SYSTEM32\windows.storage.dll
0x00007ffa10e00000 - 0x00007ffa11176000 	C:\Windows\System32\combase.dll
0x00007ffa0de80000 - 0x00007ffa0dfe7000 	C:\Windows\SYSTEM32\wintypes.dll
0x00007ffa115d0000 - 0x00007ffa116ba000 	C:\Windows\System32\SHCORE.dll
0x00007ffa12070000 - 0x00007ffa120cd000 	C:\Windows\System32\shlwapi.dll
0x00007ffa0fe90000 - 0x00007ffa0feb5000 	C:\Windows\SYSTEM32\profapi.dll
0x00007ff9b55f0000 - 0x00007ff9b56c7000 	D:\dop_instrumenty\JAva\bin\jsvml.dll
0x00007ff9c6540000 - 0x00007ff9c6558000 	D:\dop_instrumenty\JAva\bin\zip.dll
0x00007ff9cd080000 - 0x00007ff9cd090000 	D:\dop_instrumenty\JAva\bin\net.dll
0x00007ffa09fe0000 - 0x00007ffa0a0f4000 	C:\Windows\SYSTEM32\WINHTTP.dll
0x00007ffa0f540000 - 0x00007ffa0f5a7000 	C:\Windows\system32\mswsock.dll
0x00007ff9c6560000 - 0x00007ff9c6576000 	D:\dop_instrumenty\JAva\bin\nio.dll
0x00007ff9c6980000 - 0x00007ff9c6990000 	D:\dop_instrumenty\JAva\bin\verify.dll
0x00007ff9c5de0000 - 0x00007ff9c5e07000 	D:\dop_instrumenty\android_studio\.gradle\native\c067742578af261105cb4f569cf0c3c89f3d7b1fecec35dd04571415982c5e48\windows-amd64\native-platform.dll
0x00007ff97c0a0000 - 0x00007ff97c1e4000 	D:\dop_instrumenty\android_studio\.gradle\native\100fb08df4bc3b14c8652ba06237920a3bd2aa13389f12d3474272988ae205f9\windows-amd64\native-platform-file-events.dll
0x00007ff9c6530000 - 0x00007ff9c653a000 	D:\dop_instrumenty\JAva\bin\management.dll
0x00007ff9c6520000 - 0x00007ff9c652b000 	D:\dop_instrumenty\JAva\bin\management_ext.dll
0x00007ffa11fa0000 - 0x00007ffa11fa8000 	C:\Windows\System32\PSAPI.DLL
0x00007ffa0f810000 - 0x00007ffa0f828000 	C:\Windows\SYSTEM32\CRYPTSP.dll
0x00007ffa0ef90000 - 0x00007ffa0efc5000 	C:\Windows\system32\rsaenh.dll
0x00007ffa0f5e0000 - 0x00007ffa0f60c000 	C:\Windows\SYSTEM32\USERENV.dll
0x00007ffa0f730000 - 0x00007ffa0f73c000 	C:\Windows\SYSTEM32\CRYPTBASE.dll
0x00007ffa0eab0000 - 0x00007ffa0eadd000 	C:\Windows\SYSTEM32\IPHLPAPI.DLL
0x00007ffa11530000 - 0x00007ffa11539000 	C:\Windows\System32\NSI.dll
0x00007ff9c6ba0000 - 0x00007ff9c6ba9000 	D:\dop_instrumenty\JAva\bin\extnet.dll
0x00007ff9ccb30000 - 0x00007ff9ccb3e000 	D:\dop_instrumenty\JAva\bin\sunmscapi.dll
0x00007ffa0ff60000 - 0x00007ffa100c2000 	C:\Windows\System32\CRYPT32.dll
0x00007ffa0f920000 - 0x00007ffa0f94a000 	C:\Windows\SYSTEM32\ncrypt.dll
0x00007ffa0f8e0000 - 0x00007ffa0f917000 	C:\Windows\SYSTEM32\NTASN1.dll
0x00007ff9a8e10000 - 0x00007ff9a8e18000 	C:\Windows\system32\wshunix.dll
0x00007ffa0eae0000 - 0x00007ffa0ebc7000 	C:\Windows\SYSTEM32\DNSAPI.dll
0x00007ffa00030000 - 0x00007ffa0003a000 	C:\Windows\System32\rasadhlp.dll
0x00007ffa07e60000 - 0x00007ffa07ee1000 	C:\Windows\System32\fwpuclnt.dll

dbghelp: loaded successfully - version: 4.0.5 - missing functions: none
symbol engine: initialized successfully - sym options: 0x614 - pdb path: .;D:\dop_instrumenty\JAva\bin;C:\Windows\SYSTEM32;C:\Windows\WinSxS\amd64_microsoft.windows.common-controls_6595b64144ccf1df_6.0.22000.2600_none_1b65155c6ae217ae;D:\dop_instrumenty\JAva\bin\server;D:\dop_instrumenty\android_studio\.gradle\native\c067742578af261105cb4f569cf0c3c89f3d7b1fecec35dd04571415982c5e48\windows-amd64;D:\dop_instrumenty\android_studio\.gradle\native\100fb08df4bc3b14c8652ba06237920a3bd2aa13389f12d3474272988ae205f9\windows-amd64

VM Arguments:
jvm_args: --add-opens=java.base/java.lang=ALL-UNNAMED --add-opens=java.base/java.lang.invoke=ALL-UNNAMED --add-opens=java.base/java.util=ALL-UNNAMED --add-opens=java.prefs/java.util.prefs=ALL-UNNAMED --add-exports=jdk.compiler/com.sun.tools.javac.api=ALL-UNNAMED --add-exports=jdk.compiler/com.sun.tools.javac.util=ALL-UNNAMED --add-opens=java.base/java.util=ALL-UNNAMED --add-opens=java.prefs/java.util.prefs=ALL-UNNAMED --add-opens=java.base/java.nio.charset=ALL-UNNAMED --add-opens=java.base/java.net=ALL-UNNAMED --add-opens=java.base/java.util.concurrent.atomic=ALL-UNNAMED --add-opens=java.xml/javax.xml.namespace=ALL-UNNAMED -XX:+HeapDumpOnOutOfMemoryError -XX:+UseParallelGC -XX:MaxMetaspaceSize=1g -Xmx4g -Dfile.encoding=UTF-8 -Duser.country=RU -Duser.language=ru -Duser.variant -javaagent:D:\dop_instrumenty\android_studio\.gradle\wrapper\dists\gradle-8.11.1-bin\bpt9gzteqjrbo1mjrsomdt32c\gradle-8.11.1\lib\agents\gradle-instrumentation-agent-8.11.1.jar 
java_command: org.gradle.launcher.daemon.bootstrap.GradleDaemon 8.11.1
java_class_path (initial): D:\dop_instrumenty\android_studio\.gradle\wrapper\dists\gradle-8.11.1-bin\bpt9gzteqjrbo1mjrsomdt32c\gradle-8.11.1\lib\gradle-daemon-main-8.11.1.jar
Launcher Type: SUN_STANDARD

[Global flags]
     intx CICompilerCount                          = 4                                         {product} {ergonomic}
   size_t CompressedClassSpaceSize                 = 872415232                                 {product} {ergonomic}
     bool HeapDumpOnOutOfMemoryError               = true                                   {manageable} {command line}
   size_t InitialHeapSize                          = 400556032                                 {product} {ergonomic}
   size_t MaxHeapSize                              = 4294967296                                {product} {command line}
   size_t MaxMetaspaceSize                         = 1073741824                                {product} {command line}
   size_t MaxNewSize                               = 1431306240                                {product} {ergonomic}
   size_t MinHeapDeltaBytes                        = 524288                                    {product} {ergonomic}
   size_t MinHeapSize                              = 8388608                                   {product} {ergonomic}
   size_t NewSize                                  = 133169152                                 {product} {ergonomic}
    uintx NonNMethodCodeHeapSize                   = 5839372                                {pd product} {ergonomic}
    uintx NonProfiledCodeHeapSize                  = 122909434                              {pd product} {ergonomic}
   size_t OldSize                                  = 267386880                                 {product} {ergonomic}
    uintx ProfiledCodeHeapSize                     = 122909434                              {pd product} {ergonomic}
    uintx ReservedCodeCacheSize                    = 251658240                              {pd product} {ergonomic}
     bool SegmentedCodeCache                       = true                                      {product} {ergonomic}
   size_t SoftMaxHeapSize                          = 4294967296                             {manageable} {ergonomic}
     bool UseCompressedOops                        = true                           {product lp64_product} {ergonomic}
     bool UseLargePagesIndividualAllocation        = false                                  {pd product} {ergonomic}
     bool UseParallelGC                            = true                                      {product} {command line}

Logging:
Log output configuration:
 #0: stdout all=warning uptime,level,tags foldmultilines=false
 #1: stderr all=off uptime,level,tags foldmultilines=false

Environment Variables:
JAVA_HOME=D:\dop_instrumenty\JAva\
CLASSPATH=D:\programming\GIt\gitlab\RuEGE\mobile\\gradle\wrapper\gradle-wrapper.jar
PATH=C:\Program Files\Common Files\Oracle\Java\javapath;D:\dop_instrumenty\JAva\bin;c:\Users\otloo\AppData\Local\Programs\cursor\resources\app\bin;D:\programms_progamming\Python312\Scripts\;D:\programms_progamming\Python312\;C:\Program Files (x86)\Intel\Intel(R) Management Engine Components\iCLS\;C:\Program Files\Intel\Intel(R) Management Engine Components\iCLS\;C:\Windows\system32;C:\Windows;C:\Windows\System32\Wbem;C:\Windows\System32\WindowsPowerShell\v1.0\;C:\Windows\System32\OpenSSH\;C:\Program Files (x86)\Intel\Intel(R) Management Engine Components\DAL;C:\Program Files\Intel\Intel(R) Management Engine Components\DAL;C:\Program Files (x86)\Intel\Intel(R) Management Engine Components\IPT;C:\Program Files\Intel\Intel(R) Management Engine Components\IPT;C:\Program Files (x86)\NVIDIA Corporation\PhysX\Common;C:\Windows\system32;C:\Windows;C:\Windows\System32\Wbem;C:\Windows\System32\WindowsPowerShell\v1.0\;C:\Windows\System32\OpenSSH\;D:\programms_progamming\Golang\bin;C:\Program Files\NVIDIA Corporation\NVIDIA app\NvDLISR;D:\programms_progamming\Git\cmd;D:\dop_instrumenty\hadle;D:\dop_instrumenty\Windows Kits;C:\Program Files (x86)\Windows Kits;C:\Program Files (x86)\Windows Kits\10\Windows Performance Toolkit\;C:\Program Files (x86)\Windows Kits\10\Windows Performance Toolkit;D:\dop_instrumenty\maven-mvnd-1.0.2-windows-amd64\bin;D:\programming\GIt\gitlab\antivirus\dockerer\tools;D:\dop_instrumenty\docker_desktop\docker\resources\bin;D:\dop_instrumenty\minio(mc)\mc.exe;C:\Program Files\Tesseract-OCR\tesseract.exe;C:\Program Files\Tesseract-OCR;D:\programming\GIt\gitlab\audio_to_text\ffmpeg\bin\ffmpeg.exe;D:\programming\GIt\gitlab\audio_to_text\ffmpeg\bin;C:\Users\otloo\AppData\Local\Microsoft\WindowsApps;C:\Users\otloo\AppData\Local\GitHubDesktop\bin;C:\Users\otloo\go\bin;D:\programms_progamming\msys64\mingw64\bin;C:\Users\otloo\AppData\Local\Programs\cursor\resources\app\bin
USERNAME=otloo
OS=Windows_NT
PROCESSOR_IDENTIFIER=Intel64 Family 6 Model 158 Stepping 10, GenuineIntel
TMP=C:\Users\otloo\AppData\Local\Temp
TEMP=C:\Users\otloo\AppData\Local\Temp




Periodic native trim disabled

---------------  S Y S T E M  ---------------

OS:
 Windows 11 , 64 bit Build 22000 (10.0.22000.2600)
OS uptime: 0 days 0:06 hours
Hyper-V role detected

CPU: total 8 (initial active 8) (4 cores per cpu, 2 threads per core) family 6 model 158 stepping 10 microcode 0xde, cx8, cmov, fxsr, ht, mmx, 3dnowpref, sse, sse2, sse3, ssse3, sse4.1, sse4.2, popcnt, lzcnt, tsc, tscinvbit, avx, avx2, aes, erms, clmul, bmi1, bmi2, adx, fma, vzeroupper, clflush, clflushopt, hv, rdtscp, f16c
Processor Information for the first 8 processors :
  Max Mhz: 2304, Current Mhz: 2304, Mhz Limit: 2304

Memory: 4k page, system-wide physical 24418M (14551M free)
TotalPageFile size 33634M (AvailPageFile size 21866M)
current process WorkingSet (physical memory assigned to process): 759M, peak: 759M
current process commit charge ("private bytes"): 1074M, peak: 1076M

vm_info: OpenJDK 64-Bit Server VM (21.0.6+7-LTS) for windows-amd64 JRE (21.0.6+7-LTS), built on 2025-01-21T00:00:00Z by "admin" with MS VC++ 17.7 (VS2022)

END.
